   1               		.file	"BootloaderCDC.c"
   2               	__SREG__ = 0x3f
   3               	__SP_H__ = 0x3e
   4               	__SP_L__ = 0x3d
   5               	__CCP__  = 0x34
   6               	__tmp_reg__ = 0
   7               	__zero_reg__ = 1
  15               	.Ltext0:
  16               		.section	.text.ResetHardware,"ax",@progbits
  17               	.global	ResetHardware
  19               	ResetHardware:
  20               	.LFB76:
  21               	.LSM0:
  22               	/* prologue: function */
  23               	/* frame size = 0 */
  24               	.LSM1:
  25 0000 81E0      		ldi r24,lo8(1)
  26 0002 85BF      		out 85-32,r24
  27               	.LSM2:
  28 0004 15BE      		out 85-32,__zero_reg__
  29               	.LSM3:
  30 0006 81E1      		ldi r24,lo8(17)
  31               	/* #APP */
  32               	 ;  212 "BootloaderCDC.c" 1
  33 0008 8093 5700 		sts 87, r24
  34 000c E895      		spm
  35               		
  36               	 ;  0 "" 2
  37               	/* epilogue start */
  38               	.LSM4:
  39               	/* #NOAPP */
  40 000e 0895      		ret
  41               	.LFE76:
  43               		.section	.text.Bootloader_StartUserApp,"ax",@progbits
  44               	.global	Bootloader_StartUserApp
  46               	Bootloader_StartUserApp:
  47               	.LFB77:
  48               	.LSM5:
  49               	/* prologue: function */
  50               	/* frame size = 0 */
  51               	.LSM6:
  52 0000 8CED      		ldi r24,lo8(-36)
  53 0002 8EBB      		out 62-32,r24
  54               	.LSM7:
  55 0004 86EA      		ldi r24,lo8(-90)
  56 0006 8ABD      		out 74-32,r24
  57               	.LSM8:
  58 0008 E0E0      		ldi r30,lo8(0)
  59 000a F0E0      		ldi r31,hi8(0)
  60 000c 0995      		icall
  61               	.LFE77:
  63               		.section	.text.FetchNextCommandByte,"ax",@progbits
  65               	FetchNextCommandByte:
  66               	.LFB81:
  67               	.LSM9:
  68               	/* prologue: function */
  69               	/* frame size = 0 */
  70               	.LBB116:
  71               	.LBB117:
  72               	.LSM10:
  73 0000 84E0      		ldi r24,lo8(4)
  74 0002 8093 E900 		sts 233,r24
  75 0006 00C0      		rjmp .L6
  76               	.L10:
  77               	.LBE117:
  78               	.LBE116:
  79               	.LBB118:
  80               	.LBB119:
  81               	.LSM11:
  82 0008 8091 E800 		lds r24,232
  83 000c 8B77      		andi r24,lo8(123)
  84 000e 8093 E800 		sts 232,r24
  85 0012 00C0      		rjmp .L7
  86               	.L9:
  87               	.LBE119:
  88               	.LBE118:
  89               	.LSM12:
  90 0014 8EB3      		in r24,62-32
  91 0016 8823      		tst r24
  92 0018 01F0      		breq .L8
  93               	.L7:
  94               	.LBB120:
  95               	.LBB121:
  96               	.LSM13:
  97 001a 8091 E800 		lds r24,232
  98               	.LBE121:
  99               	.LBE120:
 100               	.LSM14:
 101 001e 82FF      		sbrs r24,2
 102 0020 00C0      		rjmp .L9
 103               	.L6:
 104               	.LBB122:
 105               	.LBB123:
 106               	.LSM15:
 107 0022 8091 E800 		lds r24,232
 108               	.LBE123:
 109               	.LBE122:
 110               	.LSM16:
 111 0026 85FF      		sbrs r24,5
 112 0028 00C0      		rjmp .L10
 113               	.LBB124:
 114               	.LBB125:
 115               	.LSM17:
 116 002a 8091 F100 		lds r24,241
 117               	.L8:
 118               	.LBE125:
 119               	.LBE124:
 120               	.LSM18:
 121 002e 0895      		ret
 122               	.LFE81:
 124               		.section	.text.WriteNextResponseByte,"ax",@progbits
 126               	WriteNextResponseByte:
 127               	.LFB82:
 128               	.LSM19:
 129               	.LVL0:
 130               	/* prologue: function */
 131               	/* frame size = 0 */
 132 0000 982F      		mov r25,r24
 133               	.LBB126:
 134               	.LBB127:
 135               	.LSM20:
 136 0002 83E0      		ldi r24,lo8(3)
 137               	.LVL1:
 138 0004 8093 E900 		sts 233,r24
 139               	.LBE127:
 140               	.LBE126:
 141               	.LBB128:
 142               	.LBB129:
 143               	.LSM21:
 144 0008 8091 E800 		lds r24,232
 145               	.LBE129:
 146               	.LBE128:
 147               	.LSM22:
 148 000c 85FD      		sbrc r24,5
 149 000e 00C0      		rjmp .L14
 150               	.LBB130:
 151               	.LBB131:
 152               	.LSM23:
 153 0010 8091 E800 		lds r24,232
 154 0014 8E77      		andi r24,lo8(126)
 155 0016 8093 E800 		sts 232,r24
 156 001a 00C0      		rjmp .L15
 157               	.L17:
 158               	.LBE131:
 159               	.LBE130:
 160               	.LSM24:
 161 001c 8EB3      		in r24,62-32
 162 001e 8823      		tst r24
 163 0020 01F0      		breq .L18
 164               	.L15:
 165               	.LBB132:
 166               	.LBB133:
 167               	.LSM25:
 168 0022 8091 E800 		lds r24,232
 169               	.LBE133:
 170               	.LBE132:
 171               	.LSM26:
 172 0026 80FF      		sbrs r24,0
 173 0028 00C0      		rjmp .L17
 174               	.L14:
 175               	.LBB134:
 176               	.LBB135:
 177               	.LSM27:
 178 002a 9093 F100 		sts 241,r25
 179               	.L18:
 180 002e 0895      		ret
 181               	.LBE135:
 182               	.LBE134:
 183               	.LFE82:
 185               		.section	.text.SetupLedTimer,"ax",@progbits
 186               	.global	SetupLedTimer
 188               	SetupLedTimer:
 189               	.LFB84:
 190               	.LSM28:
 191               	/* prologue: function */
 192               	/* frame size = 0 */
 193               	.LSM29:
 194 0000 84B5      		in r24,68-32
 195 0002 8260      		ori r24,lo8(2)
 196 0004 84BD      		out 68-32,r24
 197               	.LSM30:
 198 0006 84B5      		in r24,68-32
 199 0008 8160      		ori r24,lo8(1)
 200 000a 84BD      		out 68-32,r24
 201               	.LSM31:
 202 000c 85B5      		in r24,69-32
 203 000e 8460      		ori r24,lo8(4)
 204 0010 85BD      		out 69-32,r24
 205               	.LSM32:
 206 0012 85B5      		in r24,69-32
 207 0014 8D7F      		andi r24,lo8(-3)
 208 0016 85BD      		out 69-32,r24
 209               	.LSM33:
 210 0018 85B5      		in r24,69-32
 211 001a 8160      		ori r24,lo8(1)
 212 001c 85BD      		out 69-32,r24
 213               	.LSM34:
 214 001e EEE6      		ldi r30,lo8(110)
 215 0020 F0E0      		ldi r31,hi8(110)
 216 0022 8081      		ld r24,Z
 217 0024 8160      		ori r24,lo8(1)
 218 0026 8083      		st Z,r24
 219               	.LSM35:
 220               	/* #APP */
 221               	 ;  721 "BootloaderCDC.c" 1
 222 0028 7894      		sei
 223               	 ;  0 "" 2
 224               	/* epilogue start */
 225               	.LSM36:
 226               	/* #NOAPP */
 227 002a 0895      		ret
 228               	.LFE84:
 230               		.section	.text.DisableLedTimer,"ax",@progbits
 231               	.global	DisableLedTimer
 233               	DisableLedTimer:
 234               	.LFB85:
 235               	.LSM37:
 236               	/* prologue: function */
 237               	/* frame size = 0 */
 238               	.LSM38:
 239 0000 85B5      		in r24,69-32
 240 0002 8B7F      		andi r24,lo8(-5)
 241 0004 85BD      		out 69-32,r24
 242               	.LSM39:
 243 0006 85B5      		in r24,69-32
 244 0008 8D7F      		andi r24,lo8(-3)
 245 000a 85BD      		out 69-32,r24
 246               	.LSM40:
 247 000c 85B5      		in r24,69-32
 248 000e 8E7F      		andi r24,lo8(-2)
 249 0010 85BD      		out 69-32,r24
 250               	.LSM41:
 251               	/* #APP */
 252               	 ;  729 "BootloaderCDC.c" 1
 253 0012 F894      		cli
 254               	 ;  0 "" 2
 255               	/* epilogue start */
 256               	.LSM42:
 257               	/* #NOAPP */
 258 0014 0895      		ret
 259               	.LFE85:
 261               		.section	.text.__vector_23,"ax",@progbits
 262               	.global	__vector_23
 264               	__vector_23:
 265               	.LFB86:
 266               	.LSM43:
 267 0000 1F92      		push __zero_reg__
 268 0002 0F92      		push r0
 269 0004 0FB6      		in r0,__SREG__
 270 0006 0F92      		push r0
 271 0008 1124      		clr __zero_reg__
 272 000a 8F93      		push r24
 273 000c 9F93      		push r25
 274               	/* prologue: Signal */
 275               	/* frame size = 0 */
 276               	.LSM44:
 277 000e 8091 0000 		lds r24,ovfcount.2658
 278 0012 9091 0000 		lds r25,(ovfcount.2658)+1
 279 0016 0196      		adiw r24,1
 280 0018 9093 0000 		sts (ovfcount.2658)+1,r25
 281 001c 8093 0000 		sts ovfcount.2658,r24
 282 0020 0197      		sbiw r24,1
 283 0022 0397      		sbiw r24,3
 284 0024 01F4      		brne .L25
 285               	.LSM45:
 286 0026 85B1      		in r24,37-32
 287 0028 92E0      		ldi r25,lo8(2)
 288 002a 8927      		eor r24,r25
 289 002c 85B9      		out 37-32,r24
 290               	.LSM46:
 291 002e 1092 0000 		sts (ovfcount.2658)+1,__zero_reg__
 292 0032 1092 0000 		sts ovfcount.2658,__zero_reg__
 293               	.L25:
 294               	/* epilogue start */
 295               	.LSM47:
 296 0036 9F91      		pop r25
 297 0038 8F91      		pop r24
 298 003a 0F90      		pop r0
 299 003c 0FBE      		out __SREG__,r0
 300 003e 0F90      		pop r0
 301 0040 1F90      		pop __zero_reg__
 302 0042 1895      		reti
 303               	.LFE86:
 305               		.data
 306               	.LC0:
 307 0000 4C55 4641 		.string	"LUFACDC"
 307      4344 4300 
 308               		.section	.text.CDC_Task,"ax",@progbits
 309               	.global	CDC_Task
 311               	CDC_Task:
 312               	.LFB83:
 313               	.LSM48:
 314 0000 4F92      		push r4
 315 0002 5F92      		push r5
 316 0004 6F92      		push r6
 317 0006 7F92      		push r7
 318 0008 8F92      		push r8
 319 000a 9F92      		push r9
 320 000c AF92      		push r10
 321 000e BF92      		push r11
 322 0010 CF92      		push r12
 323 0012 DF92      		push r13
 324 0014 EF92      		push r14
 325 0016 FF92      		push r15
 326 0018 0F93      		push r16
 327 001a 1F93      		push r17
 328 001c CF93      		push r28
 329 001e DF93      		push r29
 330               	/* prologue: function */
 331               	/* frame size = 0 */
 332               	.LBB170:
 333               	.LBB171:
 334               	.LSM49:
 335 0020 84E0      		ldi r24,lo8(4)
 336 0022 8093 E900 		sts 233,r24
 337               	.LBE171:
 338               	.LBE170:
 339               	.LBB172:
 340               	.LBB173:
 341               	.LSM50:
 342 0026 8091 E800 		lds r24,232
 343               	.LBE173:
 344               	.LBE172:
 345               	.LSM51:
 346 002a 82FF      		sbrs r24,2
 347 002c 00C0      		rjmp .L80
 348               	.LBB174:
 349               	.LSM52:
 350 002e 0E94 0000 		call FetchNextCommandByte
 351 0032 082F      		mov r16,r24
 352               	.LVL2:
 353               	.LSM53:
 354 0034 8C34      		cpi r24,lo8(76)
 355 0036 01F4      		brne .+2
 356 0038 00C0      		rjmp .L91
 357               	.LVL3:
 358 003a 8035      		cpi r24,lo8(80)
 359 003c 01F0      		breq .L29
 360 003e 8435      		cpi r24,lo8(84)
 361 0040 01F0      		breq .L30
 362 0042 8534      		cpi r24,lo8(69)
 363 0044 01F4      		brne .L31
 364               	.LSM54:
 365 0046 1092 0000 		sts RunBootloader,__zero_reg__
 366 004a 00C0      		rjmp .L91
 367               	.L30:
 368               	.LSM55:
 369 004c 0E94 0000 		call FetchNextCommandByte
 370               	.LVL4:
 371 0050 00C0      		rjmp .L91
 372               	.LVL5:
 373               	.L29:
 374               	.LSM56:
 375 0052 0E94 0000 		call SetupLedTimer
 376               	.LVL6:
 377 0056 00C0      		rjmp .L91
 378               	.LVL7:
 379               	.L31:
 380               	.LSM57:
 381 0058 8437      		cpi r24,lo8(116)
 382 005a 01F4      		brne .L33
 383               	.LSM58:
 384 005c 84E4      		ldi r24,lo8(68)
 385               	.LVL8:
 386 005e 0E94 0000 		call WriteNextResponseByte
 387               	.LSM59:
 388 0062 80E0      		ldi r24,lo8(0)
 389 0064 00C0      		rjmp .L90
 390               	.LVL9:
 391               	.L33:
 392               	.LSM60:
 393 0066 8136      		cpi r24,lo8(97)
 394 0068 01F4      		brne .L34
 395               	.LSM61:
 396 006a 89E5      		ldi r24,lo8(89)
 397               	.LVL10:
 398 006c 00C0      		rjmp .L90
 399               	.LVL11:
 400               	.L34:
 401               	.LSM62:
 402 006e 8134      		cpi r24,lo8(65)
 403 0070 01F4      		brne .L35
 404               	.LSM63:
 405 0072 0E94 0000 		call FetchNextCommandByte
 406               	.LVL12:
 407 0076 F82E      		mov r15,r24
 408 0078 FF0C      		lsl r15
 409 007a EE24      		clr r14
 410 007c 0027      		clr r16
 411 007e F7FC      		sbrc r15,7
 412 0080 0095      		com r16
 413 0082 102F      		mov r17,r16
 414 0084 E092 0000 		sts CurrAddress,r14
 415 0088 F092 0000 		sts (CurrAddress)+1,r15
 416 008c 0093 0000 		sts (CurrAddress)+2,r16
 417 0090 1093 0000 		sts (CurrAddress)+3,r17
 418               	.LSM64:
 419 0094 0E94 0000 		call FetchNextCommandByte
 420 0098 90E0      		ldi r25,lo8(0)
 421 009a 880F      		lsl r24
 422 009c 991F      		rol r25
 423 009e AA27      		clr r26
 424 00a0 97FD      		sbrc r25,7
 425 00a2 A095      		com r26
 426 00a4 BA2F      		mov r27,r26
 427 00a6 8E29      		or r24,r14
 428 00a8 9F29      		or r25,r15
 429 00aa A02B      		or r26,r16
 430 00ac B12B      		or r27,r17
 431               	.L93:
 432 00ae 8093 0000 		sts CurrAddress,r24
 433 00b2 9093 0000 		sts (CurrAddress)+1,r25
 434 00b6 A093 0000 		sts (CurrAddress)+2,r26
 435 00ba B093 0000 		sts (CurrAddress)+3,r27
 436               	.LVL13:
 437               	.L91:
 438               	.LSM65:
 439 00be 8DE0      		ldi r24,lo8(13)
 440 00c0 00C0      		rjmp .L90
 441               	.LVL14:
 442               	.L35:
 443               	.LSM66:
 444 00c2 8037      		cpi r24,lo8(112)
 445 00c4 01F4      		brne .L36
 446               	.LSM67:
 447 00c6 83E5      		ldi r24,lo8(83)
 448               	.LVL15:
 449 00c8 00C0      		rjmp .L90
 450               	.LVL16:
 451               	.L36:
 452               	.LSM68:
 453 00ca 8335      		cpi r24,lo8(83)
 454 00cc 01F4      		brne .L37
 455 00ce C0E0      		ldi r28,lo8(.LC0)
 456 00d0 D0E0      		ldi r29,hi8(.LC0)
 457               	.L38:
 458               	.LBB175:
 459               	.LSM69:
 460 00d2 8991      		ld r24,Y+
 461               	.LVL17:
 462 00d4 0E94 0000 		call WriteNextResponseByte
 463               	.LSM70:
 464 00d8 20E0      		ldi r18,hi8(.LC0+7)
 465 00da C030      		cpi r28,lo8(.LC0+7)
 466 00dc D207      		cpc r29,r18
 467 00de 01F4      		brne .L38
 468 00e0 00C0      		rjmp .L32
 469               	.LVL18:
 470               	.L37:
 471               	.LBE175:
 472               	.LSM71:
 473 00e2 8635      		cpi r24,lo8(86)
 474 00e4 01F4      		brne .L39
 475               	.LSM72:
 476 00e6 81E3      		ldi r24,lo8(49)
 477               	.LVL19:
 478 00e8 0E94 0000 		call WriteNextResponseByte
 479               	.LSM73:
 480 00ec 80E3      		ldi r24,lo8(48)
 481 00ee 00C0      		rjmp .L90
 482               	.LVL20:
 483               	.L39:
 484               	.LSM74:
 485 00f0 8337      		cpi r24,lo8(115)
 486 00f2 01F4      		brne .L40
 487               	.LSM75:
 488 00f4 87E8      		ldi r24,lo8(-121)
 489               	.LVL21:
 490 00f6 0E94 0000 		call WriteNextResponseByte
 491               	.LSM76:
 492 00fa 85E9      		ldi r24,lo8(-107)
 493 00fc 0E94 0000 		call WriteNextResponseByte
 494               	.LSM77:
 495 0100 8EE1      		ldi r24,lo8(30)
 496 0102 00C0      		rjmp .L90
 497               	.LVL22:
 498               	.L40:
 499               	.LSM78:
 500 0104 8236      		cpi r24,lo8(98)
 501 0106 01F4      		brne .L41
 502               	.LSM79:
 503 0108 89E5      		ldi r24,lo8(89)
 504               	.LVL23:
 505 010a 0E94 0000 		call WriteNextResponseByte
 506               	.LSM80:
 507 010e 80E0      		ldi r24,lo8(0)
 508 0110 0E94 0000 		call WriteNextResponseByte
 509               	.LSM81:
 510 0114 80E8      		ldi r24,lo8(-128)
 511 0116 00C0      		rjmp .L90
 512               	.LVL24:
 513               	.L41:
 514               	.LSM82:
 515 0118 8536      		cpi r24,lo8(101)
 516 011a 01F4      		brne .L42
 517 011c E0E0      		ldi r30,lo8(0)
 518 011e F0E0      		ldi r31,hi8(0)
 519               	.LBB176:
 520               	.LSM83:
 521 0120 93E0      		ldi r25,lo8(3)
 522               	.LSM84:
 523 0122 85E0      		ldi r24,lo8(5)
 524               	.LVL25:
 525               	.L45:
 526               	.LSM85:
 527               	/* #APP */
 528               	 ;  556 "BootloaderCDC.c" 1
 529 0124 9093 5700 		sts 87, r25
 530 0128 E895      		spm
 531               		
 532               	 ;  0 "" 2
 533               	/* #NOAPP */
 534               	.L43:
 535               	.LSM86:
 536 012a 07B6      		in __tmp_reg__,87-32
 537 012c 00FC      		sbrc __tmp_reg__,0
 538 012e 00C0      		rjmp .L43
 539               	.LSM87:
 540               	/* #APP */
 541               	 ;  558 "BootloaderCDC.c" 1
 542 0130 8093 5700 		sts 87, r24
 543 0134 E895      		spm
 544               		
 545               	 ;  0 "" 2
 546               	/* #NOAPP */
 547               	.L44:
 548               	.LSM88:
 549 0136 07B6      		in __tmp_reg__,87-32
 550 0138 00FC      		sbrc __tmp_reg__,0
 551 013a 00C0      		rjmp .L44
 552 013c EF57      		subi r30,lo8(-(129))
 553 013e FF4F      		sbci r31,hi8(-(129))
 554               	.LSM89:
 555 0140 20E7      		ldi r18,hi8(28767)
 556 0142 EF35      		cpi r30,lo8(28767)
 557 0144 F207      		cpc r31,r18
 558 0146 01F4      		brne .L45
 559 0148 00C0      		rjmp .L91
 560               	.LVL26:
 561               	.L42:
 562               	.LBE176:
 563               	.LSM90:
 564 014a 8C36      		cpi r24,lo8(108)
 565 014c 01F4      		brne .L46
 566               	.LBB177:
 567               	.LSM91:
 568 014e 0E94 0000 		call FetchNextCommandByte
 569               	.LVL27:
 570 0152 8095      		com r24
 571 0154 99E0      		ldi r25,lo8(9)
 572               	/* #APP */
 573               	 ;  570 "BootloaderCDC.c" 1
 574 0156 E1E0      		ldi r30, 1
 575 0158 F0E0      		ldi r31, 0
 576 015a 082E      		mov r0, r24
 577 015c 9093 5700 		sts 87, r25
 578 0160 E895      		spm
 579               		
 580               	 ;  0 "" 2
 581               	/* #NOAPP */
 582 0162 00C0      		rjmp .L91
 583               	.LVL28:
 584               	.L46:
 585               	.LBE177:
 586               	.LSM92:
 587 0164 8237      		cpi r24,lo8(114)
 588 0166 01F4      		brne .L47
 589               	.LBB178:
 590               	.LSM93:
 591 0168 E1E0      		ldi r30,lo8(1)
 592 016a F0E0      		ldi r31,hi8(1)
 593 016c 89E0      		ldi r24,lo8(9)
 594               	.LVL29:
 595               	/* #APP */
 596               	 ;  577 "BootloaderCDC.c" 1
 597 016e 8093 5700 		sts 87, r24
 598 0172 8491      		lpm r24, Z
 599               		
 600               	 ;  0 "" 2
 601               	.LVL30:
 602               	/* #NOAPP */
 603 0174 00C0      		rjmp .L90
 604               	.LVL31:
 605               	.L47:
 606               	.LBE178:
 607               	.LSM94:
 608 0176 8634      		cpi r24,lo8(70)
 609 0178 01F4      		brne .L48
 610               	.LBB179:
 611               	.LSM95:
 612 017a E0E0      		ldi r30,lo8(0)
 613 017c F0E0      		ldi r31,hi8(0)
 614 017e 89E0      		ldi r24,lo8(9)
 615               	.LVL32:
 616               	/* #APP */
 617               	 ;  581 "BootloaderCDC.c" 1
 618 0180 8093 5700 		sts 87, r24
 619 0184 8491      		lpm r24, Z
 620               		
 621               	 ;  0 "" 2
 622               	.LVL33:
 623               	/* #NOAPP */
 624 0186 00C0      		rjmp .L90
 625               	.LVL34:
 626               	.L48:
 627               	.LBE179:
 628               	.LSM96:
 629 0188 8E34      		cpi r24,lo8(78)
 630 018a 01F4      		brne .L49
 631               	.LBB180:
 632               	.LSM97:
 633 018c E3E0      		ldi r30,lo8(3)
 634 018e F0E0      		ldi r31,hi8(3)
 635 0190 89E0      		ldi r24,lo8(9)
 636               	.LVL35:
 637               	/* #APP */
 638               	 ;  585 "BootloaderCDC.c" 1
 639 0192 8093 5700 		sts 87, r24
 640 0196 8491      		lpm r24, Z
 641               		
 642               	 ;  0 "" 2
 643               	.LVL36:
 644               	/* #NOAPP */
 645 0198 00C0      		rjmp .L90
 646               	.LVL37:
 647               	.L49:
 648               	.LBE180:
 649               	.LSM98:
 650 019a 8135      		cpi r24,lo8(81)
 651 019c 01F4      		brne .L50
 652               	.LBB181:
 653               	.LSM99:
 654 019e E2E0      		ldi r30,lo8(2)
 655 01a0 F0E0      		ldi r31,hi8(2)
 656 01a2 89E0      		ldi r24,lo8(9)
 657               	.LVL38:
 658               	/* #APP */
 659               	 ;  589 "BootloaderCDC.c" 1
 660 01a4 8093 5700 		sts 87, r24
 661 01a8 8491      		lpm r24, Z
 662               		
 663               	 ;  0 "" 2
 664               	.LVL39:
 665               	/* #NOAPP */
 666 01aa 00C0      		rjmp .L90
 667               	.LVL40:
 668               	.L50:
 669               	.LBE181:
 670               	.LSM100:
 671 01ac 8334      		cpi r24,lo8(67)
 672 01ae 01F4      		brne .L51
 673               	.LSM101:
 674 01b0 0091 0000 		lds r16,CurrAddress
 675 01b4 1091 0000 		lds r17,(CurrAddress)+1
 676 01b8 0E94 0000 		call FetchNextCommandByte
 677               	.LVL41:
 678 01bc 90E0      		ldi r25,lo8(0)
 679 01be 21E0      		ldi r18,lo8(1)
 680 01c0 F801      		movw r30,r16
 681               	/* #APP */
 682               	 ;  594 "BootloaderCDC.c" 1
 683 01c2 0C01      		movw  r0, r24
 684 01c4 2093 5700 		sts 87, r18
 685 01c8 E895      		spm
 686 01ca 1124      		clr  r1
 687               		
 688               	 ;  0 "" 2
 689               	/* #NOAPP */
 690 01cc 00C0      		rjmp .L91
 691               	.LVL42:
 692               	.L51:
 693               	.LSM102:
 694 01ce 8336      		cpi r24,lo8(99)
 695 01d0 01F4      		brne .L52
 696               	.LSM103:
 697 01d2 0091 0000 		lds r16,CurrAddress
 698 01d6 1091 0000 		lds r17,(CurrAddress)+1
 699 01da 0160      		ori r16,lo8(1)
 700 01dc 0E94 0000 		call FetchNextCommandByte
 701               	.LVL43:
 702 01e0 90E0      		ldi r25,lo8(0)
 703 01e2 21E0      		ldi r18,lo8(1)
 704 01e4 F801      		movw r30,r16
 705               	/* #APP */
 706               	 ;  602 "BootloaderCDC.c" 1
 707 01e6 0C01      		movw  r0, r24
 708 01e8 2093 5700 		sts 87, r18
 709 01ec E895      		spm
 710 01ee 1124      		clr  r1
 711               		
 712               	 ;  0 "" 2
 713               	/* #NOAPP */
 714 01f0 00C0      		rjmp .L94
 715               	.LVL44:
 716               	.L52:
 717               	.LSM104:
 718 01f2 8D36      		cpi r24,lo8(109)
 719 01f4 01F4      		brne .L53
 720               	.LSM105:
 721 01f6 E091 0000 		lds r30,CurrAddress
 722 01fa F091 0000 		lds r31,(CurrAddress)+1
 723 01fe 85E0      		ldi r24,lo8(5)
 724               	.LVL45:
 725               	/* #APP */
 726               	 ;  613 "BootloaderCDC.c" 1
 727 0200 8093 5700 		sts 87, r24
 728 0204 E895      		spm
 729               		
 730               	 ;  0 "" 2
 731               	/* #NOAPP */
 732               	.L54:
 733               	.LSM106:
 734 0206 07B6      		in __tmp_reg__,87-32
 735 0208 00FC      		sbrc __tmp_reg__,0
 736 020a 00C0      		rjmp .L54
 737 020c 00C0      		rjmp .L91
 738               	.LVL46:
 739               	.L53:
 740               	.LSM107:
 741 020e 8234      		cpi r24,lo8(66)
 742 0210 01F0      		breq .L55
 743 0212 8736      		cpi r24,lo8(103)
 744 0214 01F0      		breq .+2
 745 0216 00C0      		rjmp .L56
 746               	.L55:
 747               	.LBB182:
 748               	.LSM108:
 749 0218 0E94 0000 		call FetchNextCommandByte
 750               	.LVL47:
 751 021c E82E      		mov r14,r24
 752               	.LSM109:
 753 021e 0E94 0000 		call FetchNextCommandByte
 754 0222 D82E      		mov r13,r24
 755               	.LSM110:
 756 0224 0E94 0000 		call FetchNextCommandByte
 757 0228 A82E      		mov r10,r24
 758               	.LVL48:
 759               	.LBB183:
 760               	.LSM111:
 761 022a 8554      		subi r24,lo8(-(-69))
 762 022c 8230      		cpi r24,lo8(2)
 763 022e 00F0      		brlo .+2
 764 0230 00C0      		rjmp .L92
 765               	.L57:
 766               	.LSM112:
 767 0232 9E2D      		mov r25,r14
 768               	.LVL49:
 769 0234 80E0      		ldi r24,lo8(0)
 770               	.LVL50:
 771               	.LSM113:
 772 0236 CD2D      		mov r28,r13
 773               	.LVL51:
 774 0238 D0E0      		ldi r29,lo8(0)
 775               	.LVL52:
 776 023a C82B      		or r28,r24
 777 023c D92B      		or r29,r25
 778               	.LVL53:
 779               	.LSM114:
 780 023e 0736      		cpi r16,lo8(103)
 781 0240 01F0      		breq .+2
 782 0242 00C0      		rjmp .L58
 783               	.LSM115:
 784 0244 81E1      		ldi r24,lo8(17)
 785               	/* #APP */
 786               	 ;  334 "BootloaderCDC.c" 1
 787 0246 8093 5700 		sts 87, r24
 788 024a E895      		spm
 789               		
 790               	 ;  0 "" 2
 791               	/* #NOAPP */
 792 024c 00E0      		ldi r16,lo8(0)
 793               	.LVL54:
 794               	.LSM116:
 795 024e 11E0      		ldi r17,lo8(1)
 796 0250 00C0      		rjmp .L59
 797               	.L63:
 798               	.LSM117:
 799 0252 F6E4      		ldi r31,lo8(70)
 800 0254 AF16      		cp r10,r31
 801 0256 01F4      		brne .L60
 802               	.LBB187:
 803               	.LSM118:
 804 0258 E02F      		mov r30,r16
 805 025a F0E0      		ldi r31,lo8(0)
 806               	.LVL55:
 807 025c 8091 0000 		lds r24,CurrAddress
 808 0260 9091 0000 		lds r25,(CurrAddress)+1
 809 0264 E82B      		or r30,r24
 810 0266 F92B      		or r31,r25
 811               	.LVL56:
 812               	/* #APP */
 813               	 ;  344 "BootloaderCDC.c" 1
 814 0268 E491      		lpm r30, Z
 815               		
 816               	 ;  0 "" 2
 817               	.LVL57:
 818               	/* #NOAPP */
 819               	.LBE187:
 820 026a 8E2F      		mov r24,r30
 821 026c 0E94 0000 		call WriteNextResponseByte
 822               	.LVL58:
 823               	.LSM119:
 824 0270 0023      		tst r16
 825               	.LVL59:
 826 0272 01F0      		breq .L61
 827               	.LSM120:
 828 0274 8091 0000 		lds r24,CurrAddress
 829 0278 9091 0000 		lds r25,(CurrAddress)+1
 830 027c A091 0000 		lds r26,(CurrAddress)+2
 831 0280 B091 0000 		lds r27,(CurrAddress)+3
 832 0284 0296      		adiw r24,2
 833 0286 A11D      		adc r26,__zero_reg__
 834 0288 B11D      		adc r27,__zero_reg__
 835 028a 8093 0000 		sts CurrAddress,r24
 836 028e 9093 0000 		sts (CurrAddress)+1,r25
 837 0292 A093 0000 		sts (CurrAddress)+2,r26
 838 0296 B093 0000 		sts (CurrAddress)+3,r27
 839               	.L61:
 840               	.LSM121:
 841 029a 0127      		eor r16,r17
 842 029c 00C0      		rjmp .L62
 843               	.L60:
 844               	.LBE183:
 845               	.LSM122:
 846 029e 8091 0000 		lds r24,CurrAddress
 847 02a2 9091 0000 		lds r25,(CurrAddress)+1
 848 02a6 A091 0000 		lds r26,(CurrAddress)+2
 849 02aa B091 0000 		lds r27,(CurrAddress)+3
 850 02ae B695      		lsr r27
 851 02b0 A795      		ror r26
 852 02b2 9795      		ror r25
 853 02b4 8795      		ror r24
 854 02b6 0E94 0000 		call __eerd_byte_m32u4
 855               	.LBB191:
 856 02ba 0E94 0000 		call WriteNextResponseByte
 857               	.LSM123:
 858 02be 8091 0000 		lds r24,CurrAddress
 859 02c2 9091 0000 		lds r25,(CurrAddress)+1
 860 02c6 A091 0000 		lds r26,(CurrAddress)+2
 861 02ca B091 0000 		lds r27,(CurrAddress)+3
 862 02ce 0296      		adiw r24,2
 863 02d0 A11D      		adc r26,__zero_reg__
 864 02d2 B11D      		adc r27,__zero_reg__
 865 02d4 8093 0000 		sts CurrAddress,r24
 866 02d8 9093 0000 		sts (CurrAddress)+1,r25
 867 02dc A093 0000 		sts (CurrAddress)+2,r26
 868 02e0 B093 0000 		sts (CurrAddress)+3,r27
 869               	.L62:
 870 02e4 2197      		sbiw r28,1
 871               	.L59:
 872               	.LSM124:
 873 02e6 2097      		sbiw r28,0
 874 02e8 01F0      		breq .+2
 875 02ea 00C0      		rjmp .L63
 876 02ec 00C0      		rjmp .L32
 877               	.LVL60:
 878               	.L58:
 879               	.LBB186:
 880               	.LSM125:
 881 02ee 6090 0000 		lds r6,CurrAddress
 882 02f2 7090 0000 		lds r7,(CurrAddress)+1
 883 02f6 8090 0000 		lds r8,(CurrAddress)+2
 884 02fa 9090 0000 		lds r9,(CurrAddress)+3
 885               	.LVL61:
 886               	.LSM126:
 887 02fe 26E4      		ldi r18,lo8(70)
 888 0300 A216      		cp r10,r18
 889 0302 01F0      		breq .+2
 890 0304 00C0      		rjmp .L64
 891               	.LSM127:
 892 0306 83E0      		ldi r24,lo8(3)
 893 0308 F301      		movw r30,r6
 894               	.LVL62:
 895               	/* #APP */
 896               	 ;  369 "BootloaderCDC.c" 1
 897 030a 8093 5700 		sts 87, r24
 898 030e E895      		spm
 899               		
 900               	 ;  0 "" 2
 901               	/* #NOAPP */
 902               	.L65:
 903               	.LBE186:
 904               	.LBE191:
 905               	.LSM128:
 906 0310 07B6      		in __tmp_reg__,87-32
 907 0312 00FC      		sbrc __tmp_reg__,0
 908 0314 00C0      		rjmp .L65
 909 0316 00C0      		rjmp .L64
 910               	.LVL63:
 911               	.L70:
 912               	.LBB192:
 913               	.LBB188:
 914               	.LSM129:
 915 0318 F6E4      		ldi r31,lo8(70)
 916 031a AF16      		cp r10,r31
 917 031c 01F4      		brne .L66
 918               	.LSM130:
 919 031e BB20      		tst r11
 920 0320 01F0      		breq .L67
 921               	.LVL64:
 922               	.LSM131:
 923 0322 0091 0000 		lds r16,CurrAddress
 924 0326 1091 0000 		lds r17,(CurrAddress)+1
 925               	.LVL65:
 926               	.LBE188:
 927               	.LBE192:
 928 032a 0E94 0000 		call FetchNextCommandByte
 929               	.LVL66:
 930               	.LBB193:
 931               	.LBB185:
 932 032e D82E      		mov r13,r24
 933 0330 CC24      		clr r12
 934 0332 852D      		mov r24,r5
 935 0334 90E0      		ldi r25,lo8(0)
 936               	.LVL67:
 937 0336 8C29      		or r24,r12
 938 0338 9D29      		or r25,r13
 939               	.LVL68:
 940 033a F801      		movw r30,r16
 941               	/* #APP */
 942               	 ;  381 "BootloaderCDC.c" 1
 943 033c 0C01      		movw  r0, r24
 944 033e 4092 5700 		sts 87, r4
 945 0342 E895      		spm
 946 0344 1124      		clr  r1
 947               		
 948               	 ;  0 "" 2
 949               	.LSM132:
 950               	/* #NOAPP */
 951 0346 8091 0000 		lds r24,CurrAddress
 952 034a 9091 0000 		lds r25,(CurrAddress)+1
 953 034e A091 0000 		lds r26,(CurrAddress)+2
 954 0352 B091 0000 		lds r27,(CurrAddress)+3
 955               	.LVL69:
 956 0356 0296      		adiw r24,2
 957 0358 A11D      		adc r26,__zero_reg__
 958 035a B11D      		adc r27,__zero_reg__
 959 035c 8093 0000 		sts CurrAddress,r24
 960 0360 9093 0000 		sts (CurrAddress)+1,r25
 961 0364 A093 0000 		sts (CurrAddress)+2,r26
 962 0368 B093 0000 		sts (CurrAddress)+3,r27
 963 036c BB24      		clr r11
 964 036e 00C0      		rjmp .L68
 965               	.LVL70:
 966               	.L67:
 967               	.LBE185:
 968               	.LBE193:
 969               	.LSM133:
 970 0370 0E94 0000 		call FetchNextCommandByte
 971               	.LVL71:
 972 0374 582E      		mov r5,r24
 973 0376 BB24      		clr r11
 974 0378 B394      		inc r11
 975 037a 00C0      		rjmp .L68
 976               	.LVL72:
 977               	.L66:
 978               	.LBB194:
 979               	.LBB189:
 980               	.LSM134:
 981 037c E090 0000 		lds r14,CurrAddress
 982 0380 F090 0000 		lds r15,(CurrAddress)+1
 983 0384 0091 0000 		lds r16,(CurrAddress)+2
 984 0388 1091 0000 		lds r17,(CurrAddress)+3
 985 038c 1695      		lsr r17
 986 038e 0795      		ror r16
 987 0390 F794      		ror r15
 988 0392 E794      		ror r14
 989               	.LBE189:
 990               	.LBE194:
 991 0394 0E94 0000 		call FetchNextCommandByte
 992               	.LVL73:
 993 0398 682F      		mov r22,r24
 994               	.LBB195:
 995               	.LBB184:
 996 039a C701      		movw r24,r14
 997 039c 0E94 0000 		call __eewr_byte_m32u4
 998               	.LSM135:
 999 03a0 8091 0000 		lds r24,CurrAddress
 1000 03a4 9091 0000 		lds r25,(CurrAddress)+1
 1001 03a8 A091 0000 		lds r26,(CurrAddress)+2
 1002 03ac B091 0000 		lds r27,(CurrAddress)+3
 1003 03b0 0296      		adiw r24,2
 1004 03b2 A11D      		adc r26,__zero_reg__
 1005 03b4 B11D      		adc r27,__zero_reg__
 1006 03b6 8093 0000 		sts CurrAddress,r24
 1007 03ba 9093 0000 		sts (CurrAddress)+1,r25
 1008 03be A093 0000 		sts (CurrAddress)+2,r26
 1009 03c2 B093 0000 		sts (CurrAddress)+3,r27
 1010               	.LVL74:
 1011               	.L68:
 1012 03c6 2197      		sbiw r28,1
 1013 03c8 00C0      		rjmp .L69
 1014               	.LVL75:
 1015               	.L64:
 1016 03ca 5524      		clr r5
 1017               	.LVL76:
 1018 03cc BB24      		clr r11
 1019               	.LVL77:
 1020               	.LBE184:
 1021               	.LBE195:
 1022               	.LSM136:
 1023 03ce 4424      		clr r4
 1024 03d0 4394      		inc r4
 1025               	.LVL78:
 1026               	.L69:
 1027               	.LBB196:
 1028               	.LBB190:
 1029               	.LSM137:
 1030 03d2 2097      		sbiw r28,0
 1031 03d4 01F0      		breq .+2
 1032 03d6 00C0      		rjmp .L70
 1033               	.LSM138:
 1034 03d8 F6E4      		ldi r31,lo8(70)
 1035 03da AF16      		cp r10,r31
 1036 03dc 01F0      		breq .+2
 1037 03de 00C0      		rjmp .L91
 1038               	.LSM139:
 1039 03e0 85E0      		ldi r24,lo8(5)
 1040 03e2 F301      		movw r30,r6
 1041               	.LVL79:
 1042               	/* #APP */
 1043               	 ;  409 "BootloaderCDC.c" 1
 1044 03e4 8093 5700 		sts 87, r24
 1045 03e8 E895      		spm
 1046               		
 1047               	 ;  0 "" 2
 1048               	/* #NOAPP */
 1049               	.L72:
 1050               	.LBE190:
 1051               	.LBE196:
 1052               	.LSM140:
 1053 03ea 07B6      		in __tmp_reg__,87-32
 1054 03ec 00FC      		sbrc __tmp_reg__,0
 1055 03ee 00C0      		rjmp .L72
 1056 03f0 00C0      		rjmp .L91
 1057               	.LVL80:
 1058               	.L56:
 1059               	.LBE182:
 1060               	.LSM141:
 1061 03f2 8235      		cpi r24,lo8(82)
 1062 03f4 01F4      		brne .L73
 1063               	.LBB197:
 1064               	.LBB198:
 1065               	.LSM142:
 1066 03f6 E091 0000 		lds r30,CurrAddress
 1067 03fa F091 0000 		lds r31,(CurrAddress)+1
 1068               	.LVL81:
 1069               	/* #APP */
 1070               	 ;  631 "BootloaderCDC.c" 1
 1071 03fe 0591      		lpm r16, Z+
 1072 0400 1491      		lpm r17, Z
 1073               		
 1074               	 ;  0 "" 2
 1075               	.LVL82:
 1076               	/* #NOAPP */
 1077               	.LBE198:
 1078               	.LSM143:
 1079 0402 812F      		mov r24,r17
 1080               	.LVL83:
 1081 0404 0E94 0000 		call WriteNextResponseByte
 1082               	.LVL84:
 1083               	.LSM144:
 1084 0408 802F      		mov r24,r16
 1085 040a 00C0      		rjmp .L90
 1086               	.LVL85:
 1087               	.L73:
 1088               	.LBE197:
 1089               	.LSM145:
 1090 040c 8434      		cpi r24,lo8(68)
 1091 040e 01F4      		brne .L74
 1092               	.LSM146:
 1093 0410 E090 0000 		lds r14,CurrAddress
 1094 0414 F090 0000 		lds r15,(CurrAddress)+1
 1095 0418 0091 0000 		lds r16,(CurrAddress)+2
 1096 041c 1091 0000 		lds r17,(CurrAddress)+3
 1097 0420 1695      		lsr r17
 1098 0422 0795      		ror r16
 1099 0424 F794      		ror r15
 1100 0426 E794      		ror r14
 1101 0428 0E94 0000 		call FetchNextCommandByte
 1102               	.LVL86:
 1103 042c 682F      		mov r22,r24
 1104 042e C701      		movw r24,r14
 1105 0430 0E94 0000 		call __eewr_byte_m32u4
 1106               	.L94:
 1107               	.LSM147:
 1108 0434 8091 0000 		lds r24,CurrAddress
 1109 0438 9091 0000 		lds r25,(CurrAddress)+1
 1110 043c A091 0000 		lds r26,(CurrAddress)+2
 1111 0440 B091 0000 		lds r27,(CurrAddress)+3
 1112 0444 0296      		adiw r24,2
 1113 0446 A11D      		adc r26,__zero_reg__
 1114 0448 B11D      		adc r27,__zero_reg__
 1115 044a 00C0      		rjmp .L93
 1116               	.LVL87:
 1117               	.L74:
 1118               	.LSM148:
 1119 044c 8436      		cpi r24,lo8(100)
 1120 044e 01F4      		brne .L75
 1121               	.LSM149:
 1122 0450 8091 0000 		lds r24,CurrAddress
 1123 0454 9091 0000 		lds r25,(CurrAddress)+1
 1124 0458 A091 0000 		lds r26,(CurrAddress)+2
 1125 045c B091 0000 		lds r27,(CurrAddress)+3
 1126               	.LVL88:
 1127 0460 B695      		lsr r27
 1128 0462 A795      		ror r26
 1129 0464 9795      		ror r25
 1130 0466 8795      		ror r24
 1131 0468 0E94 0000 		call __eerd_byte_m32u4
 1132 046c 0E94 0000 		call WriteNextResponseByte
 1133               	.LSM150:
 1134 0470 8091 0000 		lds r24,CurrAddress
 1135 0474 9091 0000 		lds r25,(CurrAddress)+1
 1136 0478 A091 0000 		lds r26,(CurrAddress)+2
 1137 047c B091 0000 		lds r27,(CurrAddress)+3
 1138 0480 0296      		adiw r24,2
 1139 0482 A11D      		adc r26,__zero_reg__
 1140 0484 B11D      		adc r27,__zero_reg__
 1141 0486 8093 0000 		sts CurrAddress,r24
 1142 048a 9093 0000 		sts (CurrAddress)+1,r25
 1143 048e A093 0000 		sts (CurrAddress)+2,r26
 1144 0492 B093 0000 		sts (CurrAddress)+3,r27
 1145 0496 00C0      		rjmp .L32
 1146               	.LVL89:
 1147               	.L75:
 1148               	.LSM151:
 1149 0498 8B31      		cpi r24,lo8(27)
 1150 049a 01F0      		breq .L32
 1151               	.LVL90:
 1152               	.L92:
 1153               	.LSM152:
 1154 049c 8FE3      		ldi r24,lo8(63)
 1155               	.LVL91:
 1156               	.L90:
 1157 049e 0E94 0000 		call WriteNextResponseByte
 1158               	.LVL92:
 1159               	.L32:
 1160               	.LBB199:
 1161               	.LBB200:
 1162               	.LSM153:
 1163 04a2 83E0      		ldi r24,lo8(3)
 1164 04a4 8093 E900 		sts 233,r24
 1165               	.LBE200:
 1166               	.LBE199:
 1167               	.LBB201:
 1168               	.LBB202:
 1169               	.LSM154:
 1170 04a8 9091 E800 		lds r25,232
 1171               	.LBE202:
 1172               	.LBE201:
 1173               	.LBB203:
 1174               	.LBB204:
 1175               	.LSM155:
 1176 04ac 8091 E800 		lds r24,232
 1177 04b0 8E77      		andi r24,lo8(126)
 1178 04b2 8093 E800 		sts 232,r24
 1179               	.LBE204:
 1180               	.LBE203:
 1181               	.LSM156:
 1182 04b6 95FF      		sbrs r25,5
 1183 04b8 00C0      		rjmp .L88
 1184 04ba 00C0      		rjmp .L89
 1185               	.L78:
 1186               	.LSM157:
 1187 04bc 8EB3      		in r24,62-32
 1188 04be 8823      		tst r24
 1189 04c0 01F0      		breq .L80
 1190               	.L88:
 1191               	.LBB205:
 1192               	.LBB206:
 1193               	.LSM158:
 1194 04c2 8091 E800 		lds r24,232
 1195               	.LBE206:
 1196               	.LBE205:
 1197               	.LSM159:
 1198 04c6 80FF      		sbrs r24,0
 1199 04c8 00C0      		rjmp .L78
 1200               	.LBB207:
 1201               	.LBB208:
 1202               	.LSM160:
 1203 04ca 8091 E800 		lds r24,232
 1204 04ce 8E77      		andi r24,lo8(126)
 1205 04d0 8093 E800 		sts 232,r24
 1206 04d4 00C0      		rjmp .L89
 1207               	.L79:
 1208               	.LBE208:
 1209               	.LBE207:
 1210               	.LSM161:
 1211 04d6 8EB3      		in r24,62-32
 1212 04d8 8823      		tst r24
 1213 04da 01F0      		breq .L80
 1214               	.L89:
 1215               	.LBB209:
 1216               	.LBB210:
 1217               	.LSM162:
 1218 04dc 8091 E800 		lds r24,232
 1219               	.LBE210:
 1220               	.LBE209:
 1221               	.LSM163:
 1222 04e0 80FF      		sbrs r24,0
 1223 04e2 00C0      		rjmp .L79
 1224               	.LBB211:
 1225               	.LBB212:
 1226               	.LSM164:
 1227 04e4 84E0      		ldi r24,lo8(4)
 1228 04e6 8093 E900 		sts 233,r24
 1229               	.LBE212:
 1230               	.LBE211:
 1231               	.LBB213:
 1232               	.LBB214:
 1233               	.LSM165:
 1234 04ea 8091 E800 		lds r24,232
 1235 04ee 8B77      		andi r24,lo8(123)
 1236 04f0 8093 E800 		sts 232,r24
 1237               	.L80:
 1238               	/* epilogue start */
 1239               	.LBE214:
 1240               	.LBE213:
 1241               	.LBE174:
 1242               	.LSM166:
 1243 04f4 DF91      		pop r29
 1244               	.LVL93:
 1245 04f6 CF91      		pop r28
 1246               	.LVL94:
 1247 04f8 1F91      		pop r17
 1248               	.LVL95:
 1249 04fa 0F91      		pop r16
 1250               	.LVL96:
 1251 04fc FF90      		pop r15
 1252 04fe EF90      		pop r14
 1253 0500 DF90      		pop r13
 1254 0502 CF90      		pop r12
 1255 0504 BF90      		pop r11
 1256 0506 AF90      		pop r10
 1257               	.LVL97:
 1258 0508 9F90      		pop r9
 1259 050a 8F90      		pop r8
 1260 050c 7F90      		pop r7
 1261 050e 6F90      		pop r6
 1262               	.LVL98:
 1263 0510 5F90      		pop r5
 1264               	.LVL99:
 1265 0512 4F90      		pop r4
 1266               	.LVL100:
 1267 0514 0895      		ret
 1268               	.LFE83:
 1270               		.section	.text.EVENT_USB_Device_UnhandledControlRequest,"ax",@progbits
 1271               	.global	EVENT_USB_Device_UnhandledControlRequest
 1273               	EVENT_USB_Device_UnhandledControlRequest:
 1274               	.LFB79:
 1275               	.LSM167:
 1276               	/* prologue: function */
 1277               	/* frame size = 0 */
 1278               	.LSM168:
 1279 0000 8091 0000 		lds r24,USB_ControlRequest+1
 1280 0004 8132      		cpi r24,lo8(33)
 1281 0006 01F0      		breq .L98
 1282 0008 8232      		cpi r24,lo8(34)
 1283 000a 01F0      		breq .L99
 1284 000c 8032      		cpi r24,lo8(32)
 1285 000e 01F4      		brne .L100
 1286 0010 00C0      		rjmp .L101
 1287               	.L98:
 1288               	.LSM169:
 1289 0012 8091 0000 		lds r24,USB_ControlRequest
 1290 0016 813A      		cpi r24,lo8(-95)
 1291 0018 01F4      		brne .L100
 1292               	.LBB215:
 1293               	.LBB216:
 1294               	.LSM170:
 1295 001a 8091 E800 		lds r24,232
 1296 001e 877F      		andi r24,lo8(-9)
 1297 0020 8093 E800 		sts 232,r24
 1298               	.LBE216:
 1299               	.LBE215:
 1300               	.LSM171:
 1301 0024 80E0      		ldi r24,lo8(LineEncoding)
 1302 0026 90E0      		ldi r25,hi8(LineEncoding)
 1303 0028 67E0      		ldi r22,lo8(7)
 1304 002a 70E0      		ldi r23,hi8(7)
 1305 002c 0E94 0000 		call Endpoint_Write_Control_Stream_LE
 1306               	.LBB217:
 1307               	.LBB218:
 1308               	.LSM172:
 1309 0030 8091 E800 		lds r24,232
 1310 0034 8B77      		andi r24,lo8(123)
 1311 0036 8093 E800 		sts 232,r24
 1312 003a 0895      		ret
 1313               	.L101:
 1314               	.LBE218:
 1315               	.LBE217:
 1316               	.LSM173:
 1317 003c 8091 0000 		lds r24,USB_ControlRequest
 1318 0040 8132      		cpi r24,lo8(33)
 1319 0042 01F4      		brne .L99
 1320               	.LBB219:
 1321               	.LBB220:
 1322               	.LSM174:
 1323 0044 8091 E800 		lds r24,232
 1324 0048 877F      		andi r24,lo8(-9)
 1325 004a 8093 E800 		sts 232,r24
 1326               	.LBE220:
 1327               	.LBE219:
 1328               	.LSM175:
 1329 004e 80E0      		ldi r24,lo8(LineEncoding)
 1330 0050 90E0      		ldi r25,hi8(LineEncoding)
 1331 0052 67E0      		ldi r22,lo8(7)
 1332 0054 70E0      		ldi r23,hi8(7)
 1333 0056 0E94 0000 		call Endpoint_Read_Control_Stream_LE
 1334               	.LBB221:
 1335               	.LBB222:
 1336               	.LSM176:
 1337 005a 8091 E800 		lds r24,232
 1338 005e 8E77      		andi r24,lo8(126)
 1339 0060 8093 E800 		sts 232,r24
 1340               	.L99:
 1341               	.LBE222:
 1342               	.LBE221:
 1343               	.LSM177:
 1344 0064 8091 0000 		lds r24,USB_ControlRequest
 1345 0068 8132      		cpi r24,lo8(33)
 1346 006a 01F4      		brne .L100
 1347               	.LBB223:
 1348               	.LBB224:
 1349               	.LSM178:
 1350 006c 8091 E800 		lds r24,232
 1351 0070 877F      		andi r24,lo8(-9)
 1352 0072 8093 E800 		sts 232,r24
 1353               	.LBE224:
 1354               	.LBE223:
 1355               	.LSM179:
 1356 0076 0E94 0000 		call Endpoint_ClearStatusStage
 1357               	.L100:
 1358 007a 0895      		ret
 1359               	.LFE79:
 1361               		.section	.text.EVENT_USB_Device_ConfigurationChanged,"ax",@progbits
 1362               	.global	EVENT_USB_Device_ConfigurationChanged
 1364               	EVENT_USB_Device_ConfigurationChanged:
 1365               	.LFB78:
 1366               	.LSM180:
 1367               	/* prologue: function */
 1368               	/* frame size = 0 */
 1369               	.LBB225:
 1370               	.LBB226:
 1371               	.LSM181:
 1372 0000 82E0      		ldi r24,lo8(2)
 1373 0002 61EC      		ldi r22,lo8(-63)
 1374 0004 42E0      		ldi r20,lo8(2)
 1375 0006 0E94 0000 		call Endpoint_ConfigureEndpoint_Prv
 1376               	.LBE226:
 1377               	.LBE225:
 1378               	.LBB227:
 1379               	.LBB228:
 1380 000a 83E0      		ldi r24,lo8(3)
 1381 000c 61E8      		ldi r22,lo8(-127)
 1382 000e 42E1      		ldi r20,lo8(18)
 1383 0010 0E94 0000 		call Endpoint_ConfigureEndpoint_Prv
 1384               	.LBE228:
 1385               	.LBE227:
 1386               	.LBB229:
 1387               	.LBB230:
 1388 0014 84E0      		ldi r24,lo8(4)
 1389 0016 60E8      		ldi r22,lo8(-128)
 1390 0018 42E1      		ldi r20,lo8(18)
 1391 001a 0E94 0000 		call Endpoint_ConfigureEndpoint_Prv
 1392               	/* epilogue start */
 1393               	.LBE230:
 1394               	.LBE229:
 1395               	.LSM182:
 1396 001e 0895      		ret
 1397               	.LFE78:
 1399               		.section	.text.SetupHardware,"ax",@progbits
 1400               	.global	SetupHardware
 1402               	SetupHardware:
 1403               	.LFB75:
 1404               	.LSM183:
 1405               	/* prologue: function */
 1406               	/* frame size = 0 */
 1407               	.LSM184:
 1408 0000 84B7      		in r24,84-32
 1409 0002 877F      		andi r24,lo8(-9)
 1410 0004 84BF      		out 84-32,r24
 1411               	.LSM185:
 1412 0006 88E1      		ldi r24,lo8(24)
 1413               	/* #APP */
 1414               	 ;  139 "BootloaderCDC.c" 1
 1415 0008 0FB6      		in __tmp_reg__, __SREG__
 1416 000a F894      		cli
 1417 000c 8093 6000 		sts 96, r24
 1418 0010 1092 6000 		sts 96, __zero_reg__
 1419 0014 0FBE      		out __SREG__,__tmp_reg__
 1420               		
 1421               	 ;  0 "" 2
 1422               	/* #NOAPP */
 1423               	.LBB231:
 1424               	.LSM186:
 1425 0016 80E0      		ldi r24,lo8(0)
 1426 0018 90E0      		ldi r25,hi8(0)
 1427 001a 20E8      		ldi r18,lo8(-128)
 1428               	/* #APP */
 1429               	 ;  142 "BootloaderCDC.c" 1
 1430 001c 0FB6      		in __tmp_reg__,__SREG__
 1431 001e F894      		cli
 1432 0020 2093 6100 		sts 97, r18
 1433 0024 8093 6100 		sts 97, r24
 1434 0028 0FBE      		out __SREG__, __tmp_reg__
 1435               	 ;  0 "" 2
 1436               	/* #NOAPP */
 1437               	.LBE231:
 1438               	.LSM187:
 1439 002a 9EB3      		in r25,62-32
 1440               	.LVL101:
 1441               	.LSM188:
 1442 002c 3AB5      		in r19,74-32
 1443               	.LVL102:
 1444               	.LSM189:
 1445 002e 21E0      		ldi r18,lo8(1)
 1446 0030 25BF      		out 85-32,r18
 1447               	.LSM190:
 1448 0032 82E0      		ldi r24,lo8(2)
 1449 0034 85BF      		out 85-32,r24
 1450               	.LSM191:
 1451 0036 9C3D      		cpi r25,lo8(-36)
 1452 0038 01F4      		brne .L105
 1453 003a 353A      		cpi r19,lo8(-91)
 1454 003c 01F4      		brne .L105
 1455               	.LSM192:
 1456 003e 1092 0000 		sts coldStart,__zero_reg__
 1457               	.LSM193:
 1458 0042 2093 0000 		sts USB_IsInitialized,r18
 1459               	.LSM194:
 1460 0046 84E0      		ldi r24,lo8(4)
 1461 0048 8EBB      		out 62-32,r24
 1462               	.LSM195:
 1463 004a 2093 0000 		sts USB_ConfigurationNumber,r18
 1464 004e 00C0      		rjmp .L106
 1465               	.L105:
 1466               	.LSM196:
 1467 0050 81E0      		ldi r24,lo8(1)
 1468 0052 8093 0000 		sts coldStart,r24
 1469               	.LSM197:
 1470 0056 0E94 0000 		call USB_Init
 1471               	.LVL103:
 1472               	.L106:
 1473               	.LSM198:
 1474 005a 1EBA      		out 62-32,__zero_reg__
 1475               	.LSM199:
 1476 005c 1ABC      		out 74-32,__zero_reg__
 1477               	/* epilogue start */
 1478               	.LSM200:
 1479 005e 0895      		ret
 1480               	.LFE75:
 1482               		.section	.text.main,"ax",@progbits
 1483               	.global	main
 1485               	main:
 1486               	.LFB74:
 1487               	.LSM201:
 1488               	/* prologue: function */
 1489               	/* frame size = 0 */
 1490               	.LSM202:
 1491               	/* #APP */
 1492               	 ;  82 "BootloaderCDC.c" 1
 1493 0000 F894      		cli
 1494               	 ;  0 "" 2
 1495               	.LSM203:
 1496               	/* #NOAPP */
 1497 0002 0E94 0000 		call SetupHardware
 1498               	.LSM204:
 1499               	/* #APP */
 1500               	 ;  88 "BootloaderCDC.c" 1
 1501 0006 7894      		sei
 1502               	 ;  0 "" 2
 1503               	.LSM205:
 1504               	/* #NOAPP */
 1505 0008 219A      		sbi 36-32,1
 1506               	.LSM206:
 1507 000a 6A9A      		sbi 45-32,2
 1508               	.LSM207:
 1509 000c 729A      		sbi 46-32,2
 1510               	.LSM208:
 1511 000e 299A      		sbi 37-32,1
 1512 0010 80ED      		ldi r24,lo8(2000)
 1513 0012 97E0      		ldi r25,hi8(2000)
 1514               	.LVL104:
 1515               	.LBB232:
 1516               	.LBB233:
 1517               	.LBB234:
 1518               	.LBB235:
 1519               	.LSM209:
 1520 0014 20E9      		ldi r18,lo8(400)
 1521 0016 31E0      		ldi r19,hi8(400)
 1522               	.L109:
 1523 0018 F901      		movw r30,r18
 1524               	.LVL105:
 1525               	/* #APP */
 1526               	 ;  105 "c:/winavr-20100110/lib/gcc/../../avr/include/util/delay_basic.h" 1
 1527 001a 3197      		1: sbiw r30,1
 1528 001c 01F4      		brne 1b
 1529               	 ;  0 "" 2
 1530               	/* #NOAPP */
 1531               	.LBE235:
 1532               	.LBE234:
 1533               	.LSM210:
 1534 001e 0197      		sbiw r24,1
 1535               	.LSM211:
 1536 0020 01F4      		brne .L109
 1537               	.LBE233:
 1538               	.LBE232:
 1539               	.LSM212:
 1540 0022 2998      		cbi 37-32,1
 1541 0024 80ED      		ldi r24,lo8(2000)
 1542 0026 97E0      		ldi r25,hi8(2000)
 1543               	.LVL106:
 1544               	.LBB236:
 1545               	.LBB237:
 1546               	.LBB238:
 1547               	.LBB239:
 1548               	.LSM213:
 1549 0028 20E9      		ldi r18,lo8(400)
 1550 002a 31E0      		ldi r19,hi8(400)
 1551               	.L110:
 1552 002c F901      		movw r30,r18
 1553               	.LVL107:
 1554               	/* #APP */
 1555               	 ;  105 "c:/winavr-20100110/lib/gcc/../../avr/include/util/delay_basic.h" 1
 1556 002e 3197      		1: sbiw r30,1
 1557 0030 01F4      		brne 1b
 1558               	 ;  0 "" 2
 1559               	/* #NOAPP */
 1560               	.LBE239:
 1561               	.LBE238:
 1562               	.LSM214:
 1563 0032 0197      		sbiw r24,1
 1564               	.LSM215:
 1565 0034 01F4      		brne .L110
 1566               	.LBE237:
 1567               	.LBE236:
 1568               	.LSM216:
 1569 0036 299A      		sbi 37-32,1
 1570 0038 80ED      		ldi r24,lo8(2000)
 1571 003a 97E0      		ldi r25,hi8(2000)
 1572               	.LVL108:
 1573               	.LBB240:
 1574               	.LBB241:
 1575               	.LBB242:
 1576               	.LBB243:
 1577               	.LSM217:
 1578 003c 20E9      		ldi r18,lo8(400)
 1579 003e 31E0      		ldi r19,hi8(400)
 1580               	.L111:
 1581 0040 F901      		movw r30,r18
 1582               	.LVL109:
 1583               	/* #APP */
 1584               	 ;  105 "c:/winavr-20100110/lib/gcc/../../avr/include/util/delay_basic.h" 1
 1585 0042 3197      		1: sbiw r30,1
 1586 0044 01F4      		brne 1b
 1587               	 ;  0 "" 2
 1588               	/* #NOAPP */
 1589               	.LBE243:
 1590               	.LBE242:
 1591               	.LSM218:
 1592 0046 0197      		sbiw r24,1
 1593               	.LSM219:
 1594 0048 01F4      		brne .L111
 1595               	.LBE241:
 1596               	.LBE240:
 1597               	.LSM220:
 1598 004a 2998      		cbi 37-32,1
 1599 004c 80ED      		ldi r24,lo8(2000)
 1600 004e 97E0      		ldi r25,hi8(2000)
 1601               	.LVL110:
 1602               	.LBB244:
 1603               	.LBB245:
 1604               	.LBB246:
 1605               	.LBB247:
 1606               	.LSM221:
 1607 0050 20E9      		ldi r18,lo8(400)
 1608 0052 31E0      		ldi r19,hi8(400)
 1609               	.L112:
 1610 0054 F901      		movw r30,r18
 1611               	.LVL111:
 1612               	/* #APP */
 1613               	 ;  105 "c:/winavr-20100110/lib/gcc/../../avr/include/util/delay_basic.h" 1
 1614 0056 3197      		1: sbiw r30,1
 1615 0058 01F4      		brne 1b
 1616               	 ;  0 "" 2
 1617               	/* #NOAPP */
 1618               	.LBE247:
 1619               	.LBE246:
 1620               	.LSM222:
 1621 005a 0197      		sbiw r24,1
 1622               	.LSM223:
 1623 005c 01F4      		brne .L112
 1624               	.LBE245:
 1625               	.LBE244:
 1626               	.LSM224:
 1627 005e 299A      		sbi 37-32,1
 1628 0060 80ED      		ldi r24,lo8(2000)
 1629 0062 97E0      		ldi r25,hi8(2000)
 1630               	.LVL112:
 1631               	.LBB248:
 1632               	.LBB249:
 1633               	.LBB250:
 1634               	.LBB251:
 1635               	.LSM225:
 1636 0064 20E9      		ldi r18,lo8(400)
 1637 0066 31E0      		ldi r19,hi8(400)
 1638               	.L113:
 1639 0068 F901      		movw r30,r18
 1640               	.LVL113:
 1641               	/* #APP */
 1642               	 ;  105 "c:/winavr-20100110/lib/gcc/../../avr/include/util/delay_basic.h" 1
 1643 006a 3197      		1: sbiw r30,1
 1644 006c 01F4      		brne 1b
 1645               	 ;  0 "" 2
 1646               	/* #NOAPP */
 1647               	.LBE251:
 1648               	.LBE250:
 1649               	.LSM226:
 1650 006e 0197      		sbiw r24,1
 1651               	.LSM227:
 1652 0070 01F4      		brne .L113
 1653               	.LBE249:
 1654               	.LBE248:
 1655               	.LSM228:
 1656 0072 2998      		cbi 37-32,1
 1657 0074 80ED      		ldi r24,lo8(2000)
 1658 0076 97E0      		ldi r25,hi8(2000)
 1659               	.LVL114:
 1660               	.LBB252:
 1661               	.LBB253:
 1662               	.LBB254:
 1663               	.LBB255:
 1664               	.LSM229:
 1665 0078 20E9      		ldi r18,lo8(400)
 1666 007a 31E0      		ldi r19,hi8(400)
 1667               	.L114:
 1668 007c F901      		movw r30,r18
 1669               	.LVL115:
 1670               	/* #APP */
 1671               	 ;  105 "c:/winavr-20100110/lib/gcc/../../avr/include/util/delay_basic.h" 1
 1672 007e 3197      		1: sbiw r30,1
 1673 0080 01F4      		brne 1b
 1674               	 ;  0 "" 2
 1675               	/* #NOAPP */
 1676               	.LBE255:
 1677               	.LBE254:
 1678               	.LSM230:
 1679 0082 0197      		sbiw r24,1
 1680               	.LSM231:
 1681 0084 01F4      		brne .L114
 1682               	.LBE253:
 1683               	.LBE252:
 1684               	.LSM232:
 1685 0086 299A      		sbi 37-32,1
 1686 0088 00C0      		rjmp .L115
 1687               	.LVL116:
 1688               	.L117:
 1689               	.LSM233:
 1690 008a 6299      		sbic 44-32,2
 1691 008c 00C0      		rjmp .L116
 1692               	.LSM234:
 1693 008e 1092 0000 		sts RunBootloader,__zero_reg__
 1694               	.L116:
 1695               	.LSM235:
 1696 0092 0E94 0000 		call CDC_Task
 1697               	.LVL117:
 1698               	.LSM236:
 1699 0096 0E94 0000 		call USB_USBTask
 1700               	.LVL118:
 1701               	.L115:
 1702               	.LSM237:
 1703 009a 8091 0000 		lds r24,RunBootloader
 1704               	.LVL119:
 1705 009e 8823      		tst r24
 1706 00a0 01F4      		brne .L117
 1707               	.LSM238:
 1708 00a2 0E94 0000 		call DisableLedTimer
 1709               	.LVL120:
 1710               	.LSM239:
 1711 00a6 0E94 0000 		call ResetHardware
 1712               	.LSM240:
 1713 00aa 0E94 0000 		call Bootloader_StartUserApp
 1714               	.L118:
 1715 00ae 00C0      		rjmp .L118
 1716               	.LFE74:
 1718               	.global	LineEncoding
 1719               		.data
 1722               	LineEncoding:
 1723 0008 00        		.byte	0
 1724 0009 00        		.byte	0
 1725 000a 00        		.byte	0
 1726 000b 00        		.byte	0
 1727 000c 00        		.byte	0
 1728 000d 00        		.byte	0
 1729 000e 08        		.byte	8
 1730               	.global	RunBootloader
 1733               	RunBootloader:
 1734 000f 01        		.byte	1
 1735               	.global	coldStart
 1738               	coldStart:
 1739 0010 01        		.byte	1
 1740               		.lcomm ovfcount.2658,2
 1741               		.comm CurrAddress,4,1
 1854               	.Letext0:
DEFINED SYMBOLS
                            *ABS*:00000000 BootloaderCDC.c
C:\DOCUME~1\Alan\CONFIG~1\Temp/ccMFxoOU.s:2      *ABS*:0000003f __SREG__
C:\DOCUME~1\Alan\CONFIG~1\Temp/ccMFxoOU.s:3      *ABS*:0000003e __SP_H__
C:\DOCUME~1\Alan\CONFIG~1\Temp/ccMFxoOU.s:4      *ABS*:0000003d __SP_L__
C:\DOCUME~1\Alan\CONFIG~1\Temp/ccMFxoOU.s:5      *ABS*:00000034 __CCP__
C:\DOCUME~1\Alan\CONFIG~1\Temp/ccMFxoOU.s:6      *ABS*:00000000 __tmp_reg__
C:\DOCUME~1\Alan\CONFIG~1\Temp/ccMFxoOU.s:7      *ABS*:00000001 __zero_reg__
C:\DOCUME~1\Alan\CONFIG~1\Temp/ccMFxoOU.s:19     .text.ResetHardware:00000000 ResetHardware
C:\DOCUME~1\Alan\CONFIG~1\Temp/ccMFxoOU.s:46     .text.Bootloader_StartUserApp:00000000 Bootloader_StartUserApp
C:\DOCUME~1\Alan\CONFIG~1\Temp/ccMFxoOU.s:65     .text.FetchNextCommandByte:00000000 FetchNextCommandByte
C:\DOCUME~1\Alan\CONFIG~1\Temp/ccMFxoOU.s:126    .text.WriteNextResponseByte:00000000 WriteNextResponseByte
C:\DOCUME~1\Alan\CONFIG~1\Temp/ccMFxoOU.s:188    .text.SetupLedTimer:00000000 SetupLedTimer
C:\DOCUME~1\Alan\CONFIG~1\Temp/ccMFxoOU.s:233    .text.DisableLedTimer:00000000 DisableLedTimer
C:\DOCUME~1\Alan\CONFIG~1\Temp/ccMFxoOU.s:264    .text.__vector_23:00000000 __vector_23
                             .bss:00000000 ovfcount.2658
C:\DOCUME~1\Alan\CONFIG~1\Temp/ccMFxoOU.s:311    .text.CDC_Task:00000000 CDC_Task
C:\DOCUME~1\Alan\CONFIG~1\Temp/ccMFxoOU.s:1733   .data:0000000f RunBootloader
                            *COM*:00000004 CurrAddress
C:\DOCUME~1\Alan\CONFIG~1\Temp/ccMFxoOU.s:1273   .text.EVENT_USB_Device_UnhandledControlRequest:00000000 EVENT_USB_Device_UnhandledControlRequest
C:\DOCUME~1\Alan\CONFIG~1\Temp/ccMFxoOU.s:1722   .data:00000008 LineEncoding
C:\DOCUME~1\Alan\CONFIG~1\Temp/ccMFxoOU.s:1364   .text.EVENT_USB_Device_ConfigurationChanged:00000000 EVENT_USB_Device_ConfigurationChanged
C:\DOCUME~1\Alan\CONFIG~1\Temp/ccMFxoOU.s:1402   .text.SetupHardware:00000000 SetupHardware
C:\DOCUME~1\Alan\CONFIG~1\Temp/ccMFxoOU.s:1738   .data:00000010 coldStart
C:\DOCUME~1\Alan\CONFIG~1\Temp/ccMFxoOU.s:1485   .text.main:00000000 main

UNDEFINED SYMBOLS
__eerd_byte_m32u4
__eewr_byte_m32u4
USB_ControlRequest
Endpoint_Write_Control_Stream_LE
Endpoint_Read_Control_Stream_LE
Endpoint_ClearStatusStage
Endpoint_ConfigureEndpoint_Prv
USB_IsInitialized
USB_ConfigurationNumber
USB_Init
USB_USBTask
__do_copy_data
__do_clear_bss
