Wed May 30 13:08:55 Loaded file C:\Program Files\OrCAD\Layout_Plus\data\template.imp
Wed May 30 13:08:55 Loaded file C:\Program Files\OrCAD\Layout_Plus\data\template.imp
Wed May 30 13:08:58 Loaded file C:\Program Files\OrCAD\Layout_Plus\data\template.imp
Wed May 30 13:08:59 Loaded file C:\Program Files\OrCAD\Layout_Plus\data\template.imp
Wed May 30 13:08:59 Loaded file C:\Program Files\OrCAD\Layout_Plus\data\template.imp
Wed May 30 13:09:00 Loaded file C:\Program Files\OrCAD\Layout_Plus\data\template.imp
Wed May 30 13:09:01 Loaded file C:\Program Files\OrCAD\Layout_Plus\data\template.imp
Wed May 30 13:09:04 Loaded file C:\Program Files\OrCAD\Layout_Plus\library\BCON100T.llb
Wed May 30 13:09:06 Loaded file C:\Program Files\OrCAD\Layout_Plus\library\BCON156T.llb
Wed May 30 13:09:06 Loaded file C:\Program Files\OrCAD\Layout_Plus\library\BGA.llb
Wed May 30 13:09:20 Loaded file C:\Program Files\OrCAD\Layout_Plus\library\LAYOUT.llb
Wed May 30 13:09:21 Loaded file C:\Program Files\OrCAD\Layout_Plus\data\template.imp
Wed May 30 13:09:22 Loaded file C:\Program Files\OrCAD\Layout_Plus\data\template.imp
Wed May 30 13:09:22 Loaded file C:\Program Files\OrCAD\Layout_Plus\data\template.imp
Wed May 30 13:09:22 Loaded file C:\Program Files\OrCAD\Layout_Plus\data\template.imp
Wed May 30 13:09:22 Loaded file C:\Program Files\OrCAD\Layout_Plus\data\template.imp
Wed May 30 13:09:22 Loaded file C:\Program Files\OrCAD\Layout_Plus\data\template.imp
Wed May 30 13:09:22 Loaded file C:\Program Files\OrCAD\Layout_Plus\data\template.imp
Wed May 30 13:09:22 Loaded file C:\Program Files\OrCAD\Layout_Plus\data\template.imp
Wed May 30 13:09:23 Loaded file C:\Program Files\OrCAD\Layout_Plus\data\template.imp
Wed May 30 13:09:23 Loaded file C:\Program Files\OrCAD\Layout_Plus\data\template.imp
Wed May 30 13:09:23 Loaded file C:\Program Files\OrCAD\Layout_Plus\data\template.imp
Wed May 30 13:09:23 Loaded file C:\Program Files\OrCAD\Layout_Plus\data\template.imp
Wed May 30 13:09:23 Loaded file C:\Program Files\OrCAD\Layout_Plus\data\template.imp
Wed May 30 13:09:23 Loaded file C:\Program Files\OrCAD\Layout_Plus\data\template.imp
Wed May 30 13:09:23 Loaded file C:\Program Files\OrCAD\Layout_Plus\data\template.imp
Wed May 30 13:09:23 Loaded file C:\Program Files\OrCAD\Layout_Plus\data\template.imp
Wed May 30 13:09:23 Loaded file C:\Program Files\OrCAD\Layout_Plus\data\template.imp
Wed May 30 13:09:23 Loaded file C:\Program Files\OrCAD\Layout_Plus\data\template.imp
Wed May 30 13:09:24 Loaded file C:\Program Files\OrCAD\Layout_Plus\data\template.imp
Wed May 30 13:09:24 Loaded file C:\Program Files\OrCAD\Layout_Plus\data\template.imp
Wed May 30 13:09:25 Loaded file C:\Program Files\OrCAD\Layout_Plus\data\template.imp
Wed May 30 13:09:25 Loaded file C:\Program Files\OrCAD\Layout_Plus\data\template.imp
Wed May 30 13:09:26 Loaded file C:\Program Files\OrCAD\Layout_Plus\data\template.imp
Wed May 30 13:09:26 Loaded file C:\Program Files\OrCAD\Layout_Plus\data\template.imp
Wed May 30 13:09:26 Loaded file C:\Program Files\OrCAD\Layout_Plus\data\template.imp
Wed May 30 13:09:26 Loaded file C:\Program Files\OrCAD\Layout_Plus\data\template.imp
Wed May 30 13:09:27 Loaded file C:\Program Files\OrCAD\Layout_Plus\data\template.imp
Wed May 30 13:09:27 Loaded file C:\Program Files\OrCAD\Layout_Plus\data\template.imp
Wed May 30 13:09:27 Loaded file C:\Program Files\OrCAD\Layout_Plus\data\template.imp
Wed May 30 13:09:27 Loaded file C:\Program Files\OrCAD\Layout_Plus\data\template.imp
Wed May 30 13:09:29 Loaded file C:\Program Files\OrCAD\Layout_Plus\data\template.imp
Wed May 30 13:09:29 Loaded file C:\Program Files\OrCAD\Layout_Plus\data\template.imp
Wed May 30 13:09:29 Loaded file C:\Program Files\OrCAD\Layout_Plus\data\template.imp
Wed May 30 13:09:29 Loaded file C:\Program Files\OrCAD\Layout_Plus\data\template.imp
Wed May 30 13:09:29 Loaded file C:\Program Files\OrCAD\Layout_Plus\data\template.imp
Wed May 30 13:09:29 Loaded file C:\Program Files\OrCAD\Layout_Plus\data\template.imp
Wed May 30 13:09:30 Loaded file C:\Program Files\OrCAD\Layout_Plus\data\template.imp
Wed May 30 13:09:30 Loaded file C:\Program Files\OrCAD\Layout_Plus\data\template.imp
Wed May 30 13:09:30 Loaded file C:\Program Files\OrCAD\Layout_Plus\data\template.imp
Wed May 30 13:09:37 Loaded file C:\Program Files\OrCAD\Layout_Plus\data\template.imp
Wed May 30 13:09:37 Loaded file C:\Program Files\OrCAD\Layout_Plus\data\template.imp
Wed May 30 13:09:37 Loaded file C:\Program Files\OrCAD\Layout_Plus\data\template.imp
Wed May 30 13:09:38 Loaded file C:\Program Files\OrCAD\Layout_Plus\data\template.imp
Wed May 30 13:09:38 Loaded file C:\Program Files\OrCAD\Layout_Plus\data\template.imp
Wed May 30 13:09:38 Loaded file C:\Program Files\OrCAD\Layout_Plus\data\template.imp
Wed May 30 13:09:38 Loaded file C:\Program Files\OrCAD\Layout_Plus\data\template.imp
Wed May 30 13:09:38 Loaded file C:\Program Files\OrCAD\Layout_Plus\data\template.imp
Wed May 30 13:09:38 Loaded file C:\Program Files\OrCAD\Layout_Plus\data\template.imp
Wed May 30 13:09:39 Loaded file C:\Program Files\OrCAD\Layout_Plus\data\template.imp
Wed May 30 13:09:39 Loaded file C:\Program Files\OrCAD\Layout_Plus\data\template.imp
Wed May 30 13:09:39 Loaded file C:\Program Files\OrCAD\Layout_Plus\data\template.imp
Wed May 30 13:09:39 Loaded file C:\Program Files\OrCAD\Layout_Plus\data\template.imp
Wed May 30 13:09:39 Loaded file C:\Program Files\OrCAD\Layout_Plus\data\template.imp
Wed May 30 13:09:39 Loaded file C:\Program Files\OrCAD\Layout_Plus\data\template.imp
Wed May 30 13:09:40 Loaded file C:\Program Files\OrCAD\Layout_Plus\data\template.imp
Wed May 30 13:09:40 Loaded file C:\Program Files\OrCAD\Layout_Plus\data\template.imp
Wed May 30 13:09:41 Loaded file C:\Program Files\OrCAD\Layout_Plus\data\template.imp
Wed May 30 13:09:41 Loaded file C:\Program Files\OrCAD\Layout_Plus\data\template.imp
Wed May 30 13:09:41 Loaded file C:\Program Files\OrCAD\Layout_Plus\data\template.imp
Wed May 30 13:09:41 Loaded file C:\Program Files\OrCAD\Layout_Plus\data\template.imp
Wed May 30 13:09:41 Loaded file C:\Program Files\OrCAD\Layout_Plus\data\template.imp
Wed May 30 13:09:41 Loaded file C:\Program Files\OrCAD\Layout_Plus\data\template.imp
Wed May 30 13:09:41 Loaded file C:\Program Files\OrCAD\Layout_Plus\data\template.imp
Wed May 30 13:09:41 Loaded file C:\Program Files\OrCAD\Layout_Plus\data\template.imp
Wed May 30 13:09:41 Loaded file C:\Program Files\OrCAD\Layout_Plus\data\template.imp
Wed May 30 13:09:43 Loaded file C:\Program Files\OrCAD\Layout_Plus\library\BCON100T.llb
Wed May 30 13:09:45 Loaded file C:\Program Files\OrCAD\Layout_Plus\data\template.imp
Wed May 30 13:09:46 Loaded file C:\Program Files\OrCAD\Layout_Plus\data\template.imp
Wed May 30 13:09:46 Loaded file C:\Program Files\OrCAD\Layout_Plus\data\template.imp
Wed May 30 13:09:46 Loaded file C:\Program Files\OrCAD\Layout_Plus\data\template.imp
Wed May 30 13:09:47 Loaded file C:\Program Files\OrCAD\Layout_Plus\data\template.imp
Wed May 30 13:09:47 Loaded file C:\Program Files\OrCAD\Layout_Plus\data\template.imp
Wed May 30 13:09:47 Loaded file C:\Program Files\OrCAD\Layout_Plus\data\template.imp
Wed May 30 13:09:47 Loaded file C:\Program Files\OrCAD\Layout_Plus\data\template.imp
Wed May 30 13:09:47 Loaded file C:\Program Files\OrCAD\Layout_Plus\data\template.imp
Wed May 30 13:09:47 Loaded file C:\Program Files\OrCAD\Layout_Plus\data\template.imp
Wed May 30 13:09:48 Loaded file C:\Program Files\OrCAD\Layout_Plus\data\template.imp
Wed May 30 13:09:48 Loaded file C:\Program Files\OrCAD\Layout_Plus\data\template.imp
Wed May 30 13:09:48 Loaded file C:\Program Files\OrCAD\Layout_Plus\data\template.imp
Wed May 30 13:09:48 Loaded file C:\Program Files\OrCAD\Layout_Plus\data\template.imp
Wed May 30 13:09:48 Loaded file C:\Program Files\OrCAD\Layout_Plus\data\template.imp
Wed May 30 13:09:48 Loaded file C:\Program Files\OrCAD\Layout_Plus\data\template.imp
Wed May 30 13:09:49 Loaded file C:\Program Files\OrCAD\Layout_Plus\data\template.imp
Wed May 30 13:09:49 Loaded file C:\Program Files\OrCAD\Layout_Plus\data\template.imp
Wed May 30 13:09:49 Loaded file C:\Program Files\OrCAD\Layout_Plus\data\template.imp
Wed May 30 13:09:49 Loaded file C:\Program Files\OrCAD\Layout_Plus\data\template.imp
Wed May 30 13:09:49 Loaded file C:\Program Files\OrCAD\Layout_Plus\data\template.imp
Wed May 30 13:09:49 Loaded file C:\Program Files\OrCAD\Layout_Plus\data\template.imp
Wed May 30 13:09:49 Loaded file C:\Program Files\OrCAD\Layout_Plus\data\template.imp
Wed May 30 13:09:50 Loaded file C:\Program Files\OrCAD\Layout_Plus\data\template.imp
Wed May 30 13:09:50 Loaded file C:\Program Files\OrCAD\Layout_Plus\data\template.imp
Wed May 30 13:09:50 Loaded file C:\Program Files\OrCAD\Layout_Plus\data\template.imp
Wed May 30 13:09:50 Loaded file C:\Program Files\OrCAD\Layout_Plus\data\template.imp
Wed May 30 13:09:50 Loaded file C:\Program Files\OrCAD\Layout_Plus\data\template.imp
Wed May 30 13:09:50 Loaded file C:\Program Files\OrCAD\Layout_Plus\data\template.imp
Wed May 30 13:09:50 Loaded file C:\Program Files\OrCAD\Layout_Plus\data\template.imp
Wed May 30 13:09:50 Loaded file C:\Program Files\OrCAD\Layout_Plus\data\template.imp
Wed May 30 13:09:50 Loaded file C:\Program Files\OrCAD\Layout_Plus\data\template.imp
Wed May 30 13:09:50 Loaded file C:\Program Files\OrCAD\Layout_Plus\data\template.imp
Wed May 30 13:09:50 Loaded file C:\Program Files\OrCAD\Layout_Plus\data\template.imp
Wed May 30 13:09:50 Loaded file C:\Program Files\OrCAD\Layout_Plus\data\template.imp
Wed May 30 13:09:50 Loaded file C:\Program Files\OrCAD\Layout_Plus\data\template.imp
Wed May 30 13:09:50 Loaded file C:\Program Files\OrCAD\Layout_Plus\data\template.imp
Wed May 30 13:09:50 Loaded file C:\Program Files\OrCAD\Layout_Plus\data\template.imp
Wed May 30 13:09:50 Loaded file C:\Program Files\OrCAD\Layout_Plus\data\template.imp
Wed May 30 13:09:51 Loaded file C:\Program Files\OrCAD\Layout_Plus\data\template.imp
Wed May 30 13:09:51 Loaded file C:\Program Files\OrCAD\Layout_Plus\data\template.imp
Wed May 30 13:09:51 Loaded file C:\Program Files\OrCAD\Layout_Plus\data\template.imp
Wed May 30 13:09:51 Loaded file C:\Program Files\OrCAD\Layout_Plus\data\template.imp
Wed May 30 13:09:51 Loaded file C:\Program Files\OrCAD\Layout_Plus\data\template.imp
Wed May 30 13:09:51 Loaded file C:\Program Files\OrCAD\Layout_Plus\data\template.imp
Wed May 30 13:09:51 Loaded file C:\Program Files\OrCAD\Layout_Plus\data\template.imp
Wed May 30 13:09:51 Loaded file C:\Program Files\OrCAD\Layout_Plus\data\template.imp
Wed May 30 13:09:51 Loaded file C:\Program Files\OrCAD\Layout_Plus\data\template.imp
Wed May 30 13:09:51 Loaded file C:\Program Files\OrCAD\Layout_Plus\data\template.imp
Wed May 30 13:09:51 Loaded file C:\Program Files\OrCAD\Layout_Plus\data\template.imp
Wed May 30 13:09:51 Loaded file C:\Program Files\OrCAD\Layout_Plus\data\template.imp
Wed May 30 13:09:51 Loaded file C:\Program Files\OrCAD\Layout_Plus\data\template.imp
Wed May 30 13:09:51 Loaded file C:\Program Files\OrCAD\Layout_Plus\data\template.imp
Wed May 30 13:09:51 Loaded file C:\Program Files\OrCAD\Layout_Plus\data\template.imp
Wed May 30 13:09:51 Loaded file C:\Program Files\OrCAD\Layout_Plus\data\template.imp
Wed May 30 13:09:51 Loaded file C:\Program Files\OrCAD\Layout_Plus\data\template.imp
Wed May 30 13:09:51 Loaded file C:\Program Files\OrCAD\Layout_Plus\data\template.imp
Wed May 30 13:09:51 Loaded file C:\Program Files\OrCAD\Layout_Plus\data\template.imp
Wed May 30 13:09:51 Loaded file C:\Program Files\OrCAD\Layout_Plus\data\template.imp
Wed May 30 13:09:51 Loaded file C:\Program Files\OrCAD\Layout_Plus\data\template.imp
Wed May 30 13:09:52 Loaded file C:\Program Files\OrCAD\Layout_Plus\data\template.imp
Wed May 30 13:09:52 Loaded file C:\Program Files\OrCAD\Layout_Plus\data\template.imp
Wed May 30 13:09:52 Loaded file C:\Program Files\OrCAD\Layout_Plus\data\template.imp
Wed May 30 13:09:52 Loaded file C:\Program Files\OrCAD\Layout_Plus\data\template.imp
Wed May 30 13:09:52 Loaded file C:\Program Files\OrCAD\Layout_Plus\data\template.imp
Wed May 30 13:09:52 Loaded file C:\Program Files\OrCAD\Layout_Plus\data\template.imp
Wed May 30 13:09:52 Loaded file C:\Program Files\OrCAD\Layout_Plus\data\template.imp
Wed May 30 13:09:52 Loaded file C:\Program Files\OrCAD\Layout_Plus\data\template.imp
Wed May 30 13:09:52 Loaded file C:\Program Files\OrCAD\Layout_Plus\data\template.imp
Wed May 30 13:09:52 Loaded file C:\Program Files\OrCAD\Layout_Plus\data\template.imp
Wed May 30 13:09:52 Loaded file C:\Program Files\OrCAD\Layout_Plus\data\template.imp
Wed May 30 13:09:52 Loaded file C:\Program Files\OrCAD\Layout_Plus\data\template.imp
Wed May 30 13:09:52 Loaded file C:\Program Files\OrCAD\Layout_Plus\data\template.imp
Wed May 30 13:09:52 Loaded file C:\Program Files\OrCAD\Layout_Plus\data\template.imp
Wed May 30 13:09:52 Loaded file C:\Program Files\OrCAD\Layout_Plus\data\template.imp
Wed May 30 13:09:52 Loaded file C:\Program Files\OrCAD\Layout_Plus\data\template.imp
Wed May 30 13:09:52 Loaded file C:\Program Files\OrCAD\Layout_Plus\data\template.imp
Wed May 30 13:09:52 Loaded file C:\Program Files\OrCAD\Layout_Plus\data\template.imp
Wed May 30 13:09:52 Loaded file C:\Program Files\OrCAD\Layout_Plus\data\template.imp
Wed May 30 13:09:52 Loaded file C:\Program Files\OrCAD\Layout_Plus\data\template.imp
Wed May 30 13:09:52 Loaded file C:\Program Files\OrCAD\Layout_Plus\data\template.imp
Wed May 30 13:09:52 Loaded file C:\Program Files\OrCAD\Layout_Plus\data\template.imp
Wed May 30 13:09:53 Loaded file C:\Program Files\OrCAD\Layout_Plus\data\template.imp
Wed May 30 13:09:53 Loaded file C:\Program Files\OrCAD\Layout_Plus\data\template.imp
Wed May 30 13:09:53 Loaded file C:\Program Files\OrCAD\Layout_Plus\data\template.imp
Wed May 30 13:09:53 Loaded file C:\Program Files\OrCAD\Layout_Plus\data\template.imp
Wed May 30 13:09:53 Loaded file C:\Program Files\OrCAD\Layout_Plus\data\template.imp
Wed May 30 13:09:53 Loaded file C:\Program Files\OrCAD\Layout_Plus\data\template.imp
Wed May 30 13:09:53 Loaded file C:\Program Files\OrCAD\Layout_Plus\data\template.imp
Wed May 30 13:09:53 Loaded file C:\Program Files\OrCAD\Layout_Plus\data\template.imp
Wed May 30 13:09:53 Loaded file C:\Program Files\OrCAD\Layout_Plus\data\template.imp
Wed May 30 13:09:53 Loaded file C:\Program Files\OrCAD\Layout_Plus\data\template.imp
Wed May 30 13:09:53 Loaded file C:\Program Files\OrCAD\Layout_Plus\data\template.imp
Wed May 30 13:09:53 Loaded file C:\Program Files\OrCAD\Layout_Plus\data\template.imp
Wed May 30 13:09:53 Loaded file C:\Program Files\OrCAD\Layout_Plus\data\template.imp
Wed May 30 13:09:53 Loaded file C:\Program Files\OrCAD\Layout_Plus\data\template.imp
Wed May 30 13:09:53 Loaded file C:\Program Files\OrCAD\Layout_Plus\data\template.imp
Wed May 30 13:09:53 Loaded file C:\Program Files\OrCAD\Layout_Plus\data\template.imp
Wed May 30 13:09:53 Loaded file C:\Program Files\OrCAD\Layout_Plus\data\template.imp
Wed May 30 13:09:53 Loaded file C:\Program Files\OrCAD\Layout_Plus\data\template.imp
Wed May 30 13:09:53 Loaded file C:\Program Files\OrCAD\Layout_Plus\data\template.imp
Wed May 30 13:09:53 Loaded file C:\Program Files\OrCAD\Layout_Plus\data\template.imp
Wed May 30 13:09:53 Loaded file C:\Program Files\OrCAD\Layout_Plus\data\template.imp
Wed May 30 13:09:54 Loaded file C:\Program Files\OrCAD\Layout_Plus\data\template.imp
Wed May 30 13:09:54 Loaded file C:\Program Files\OrCAD\Layout_Plus\data\template.imp
Wed May 30 13:09:54 Loaded file C:\Program Files\OrCAD\Layout_Plus\data\template.imp
Wed May 30 13:09:54 Loaded file C:\Program Files\OrCAD\Layout_Plus\data\template.imp
Wed May 30 13:09:54 Loaded file C:\Program Files\OrCAD\Layout_Plus\data\template.imp
Wed May 30 13:09:54 Loaded file C:\Program Files\OrCAD\Layout_Plus\data\template.imp
Wed May 30 13:09:54 Loaded file C:\Program Files\OrCAD\Layout_Plus\data\template.imp
Wed May 30 13:09:54 Loaded file C:\Program Files\OrCAD\Layout_Plus\data\template.imp
Wed May 30 13:09:55 Loaded file C:\Program Files\OrCAD\Layout_Plus\data\template.imp
Wed May 30 13:09:55 Loaded file C:\Program Files\OrCAD\Layout_Plus\data\template.imp
Wed May 30 13:09:55 Loaded file C:\Program Files\OrCAD\Layout_Plus\data\template.imp
Wed May 30 13:09:55 Loaded file C:\Program Files\OrCAD\Layout_Plus\data\template.imp
Wed May 30 13:09:55 Loaded file C:\Program Files\OrCAD\Layout_Plus\data\template.imp
Wed May 30 13:09:55 Loaded file C:\Program Files\OrCAD\Layout_Plus\data\template.imp
Wed May 30 13:09:55 Loaded file C:\Program Files\OrCAD\Layout_Plus\data\template.imp
Wed May 30 13:09:55 Loaded file C:\Program Files\OrCAD\Layout_Plus\data\template.imp
Wed May 30 13:09:55 Loaded file C:\Program Files\OrCAD\Layout_Plus\data\template.imp
Wed May 30 13:09:55 Loaded file C:\Program Files\OrCAD\Layout_Plus\data\template.imp
Wed May 30 13:09:55 Loaded file C:\Program Files\OrCAD\Layout_Plus\data\template.imp
Wed May 30 13:09:55 Loaded file C:\Program Files\OrCAD\Layout_Plus\data\template.imp
Wed May 30 13:09:55 Loaded file C:\Program Files\OrCAD\Layout_Plus\data\template.imp
Wed May 30 13:09:55 Loaded file C:\Program Files\OrCAD\Layout_Plus\data\template.imp
Wed May 30 13:09:57 Loaded file C:\Program Files\OrCAD\Layout_Plus\library\BGA.llb
Wed May 30 13:09:58 Loaded file C:\Program Files\OrCAD\Layout_Plus\data\template.imp
Wed May 30 13:09:59 Loaded file C:\Program Files\OrCAD\Layout_Plus\data\template.imp
Wed May 30 13:09:59 Loaded file C:\Program Files\OrCAD\Layout_Plus\library\CLCC.llb
Wed May 30 13:10:00 Loaded file C:\Program Files\OrCAD\Layout_Plus\data\template.imp
Wed May 30 13:10:01 Loaded file C:\Program Files\OrCAD\Layout_Plus\data\template.imp
Wed May 30 13:10:02 Loaded file C:\Program Files\OrCAD\Layout_Plus\data\template.imp
Wed May 30 13:10:02 Loaded file C:\Program Files\OrCAD\Layout_Plus\data\template.imp
Wed May 30 13:10:02 Loaded file C:\Program Files\OrCAD\Layout_Plus\data\template.imp
Wed May 30 13:10:02 Loaded file C:\Program Files\OrCAD\Layout_Plus\data\template.imp
Wed May 30 13:10:02 Loaded file C:\Program Files\OrCAD\Layout_Plus\data\template.imp
Wed May 30 13:10:02 Loaded file C:\Program Files\OrCAD\Layout_Plus\data\template.imp
Wed May 30 13:10:02 Loaded file C:\Program Files\OrCAD\Layout_Plus\data\template.imp
Wed May 30 13:10:03 Loaded file C:\Program Files\OrCAD\Layout_Plus\data\template.imp
Wed May 30 13:10:03 Loaded file C:\Program Files\OrCAD\Layout_Plus\data\template.imp
Wed May 30 13:10:03 Loaded file C:\Program Files\OrCAD\Layout_Plus\data\template.imp
Wed May 30 13:10:03 Loaded file C:\Program Files\OrCAD\Layout_Plus\data\template.imp
Wed May 30 13:10:03 Loaded file C:\Program Files\OrCAD\Layout_Plus\data\template.imp
Wed May 30 13:10:03 Loaded file C:\Program Files\OrCAD\Layout_Plus\data\template.imp
Wed May 30 13:10:03 Loaded file C:\Program Files\OrCAD\Layout_Plus\data\template.imp
Wed May 30 13:10:03 Loaded file C:\Program Files\OrCAD\Layout_Plus\data\template.imp
Wed May 30 13:10:03 Loaded file C:\Program Files\OrCAD\Layout_Plus\data\template.imp
Wed May 30 13:10:03 Loaded file C:\Program Files\OrCAD\Layout_Plus\data\template.imp
Wed May 30 13:10:06 Loaded file C:\Program Files\OrCAD\Layout_Plus\library\DIMM050F.llb
Wed May 30 13:10:07 Loaded file C:\Program Files\OrCAD\Layout_Plus\data\template.imp
Wed May 30 13:10:07 Loaded file C:\Program Files\OrCAD\Layout_Plus\data\template.imp
Wed May 30 13:10:09 Loaded file C:\Program Files\OrCAD\Layout_Plus\library\DIMM050T.llb
Wed May 30 13:10:09 Loaded file C:\Program Files\OrCAD\Layout_Plus\data\template.imp
Wed May 30 13:10:10 Loaded file C:\Program Files\OrCAD\Layout_Plus\data\template.imp
Wed May 30 13:10:10 Loaded file C:\Program Files\OrCAD\Layout_Plus\library\DIN.llb
Wed May 30 13:10:11 Loaded file C:\Program Files\OrCAD\Layout_Plus\data\template.imp
Wed May 30 13:10:11 Loaded file C:\Program Files\OrCAD\Layout_Plus\data\template.imp
Wed May 30 13:10:12 Loaded file C:\Program Files\OrCAD\Layout_Plus\library\ECON100T.llb
Wed May 30 13:10:17 Loaded file C:\Program Files\OrCAD\Layout_Plus\library\LAYOUT.llb
Wed May 30 13:10:18 Loaded file C:\Program Files\OrCAD\Layout_Plus\data\template.imp
Wed May 30 13:10:19 Loaded file C:\Program Files\OrCAD\Layout_Plus\data\template.imp
Wed May 30 13:10:19 Loaded file C:\Program Files\OrCAD\Layout_Plus\data\template.imp
Wed May 30 13:10:19 Loaded file C:\Program Files\OrCAD\Layout_Plus\data\template.imp
Wed May 30 13:10:19 Loaded file C:\Program Files\OrCAD\Layout_Plus\data\template.imp
Wed May 30 13:10:19 Loaded file C:\Program Files\OrCAD\Layout_Plus\data\template.imp
Wed May 30 13:10:20 Loaded file C:\Program Files\OrCAD\Layout_Plus\data\template.imp
Wed May 30 13:10:20 Loaded file C:\Program Files\OrCAD\Layout_Plus\data\template.imp
Wed May 30 13:10:20 Loaded file C:\Program Files\OrCAD\Layout_Plus\data\template.imp
Wed May 30 13:10:20 Loaded file C:\Program Files\OrCAD\Layout_Plus\data\template.imp
Wed May 30 13:10:20 Loaded file C:\Program Files\OrCAD\Layout_Plus\data\template.imp
Wed May 30 13:10:20 Loaded file C:\Program Files\OrCAD\Layout_Plus\data\template.imp
Wed May 30 13:10:20 Loaded file C:\Program Files\OrCAD\Layout_Plus\data\template.imp
Wed May 30 13:10:20 Loaded file C:\Program Files\OrCAD\Layout_Plus\data\template.imp
Wed May 30 13:10:20 Loaded file C:\Program Files\OrCAD\Layout_Plus\data\template.imp
Wed May 30 13:10:20 Loaded file C:\Program Files\OrCAD\Layout_Plus\data\template.imp
Wed May 30 13:10:20 Loaded file C:\Program Files\OrCAD\Layout_Plus\data\template.imp
Wed May 30 13:10:20 Loaded file C:\Program Files\OrCAD\Layout_Plus\data\template.imp
Wed May 30 13:10:23 Loaded file C:\Program Files\OrCAD\Layout_Plus\library\LCON100T.llb
Wed May 30 13:10:24 Loaded file C:\Program Files\OrCAD\Layout_Plus\data\template.imp
Wed May 30 13:10:29 Loaded file C:\Program Files\OrCAD\Layout_Plus\library\RF.llb
Wed May 30 13:10:29 Loaded file C:\Program Files\OrCAD\Layout_Plus\library\RELAY.llb
Wed May 30 13:10:31 Loaded file C:\Program Files\OrCAD\Layout_Plus\data\template.imp
Wed May 30 13:10:32 Loaded file C:\Program Files\OrCAD\Layout_Plus\data\template.imp
Wed May 30 13:10:33 Loaded file C:\Program Files\OrCAD\Layout_Plus\library\RF.llb
Wed May 30 13:10:35 Loaded file C:\Program Files\OrCAD\Layout_Plus\library\SIP.llb
Wed May 30 13:10:36 Loaded file C:\Program Files\OrCAD\Layout_Plus\data\template.imp
Wed May 30 13:10:37 Loaded file C:\Program Files\OrCAD\Layout_Plus\data\template.imp
Wed May 30 13:10:37 Loaded file C:\Program Files\OrCAD\Layout_Plus\data\template.imp
Wed May 30 13:10:37 Loaded file C:\Program Files\OrCAD\Layout_Plus\data\template.imp
Wed May 30 13:10:37 Loaded file C:\Program Files\OrCAD\Layout_Plus\data\template.imp
Wed May 30 13:10:37 Loaded file C:\Program Files\OrCAD\Layout_Plus\data\template.imp
Wed May 30 13:10:37 Loaded file C:\Program Files\OrCAD\Layout_Plus\data\template.imp
Wed May 30 13:10:37 Loaded file C:\Program Files\OrCAD\Layout_Plus\data\template.imp
Wed May 30 13:10:37 Loaded file C:\Program Files\OrCAD\Layout_Plus\data\template.imp
Wed May 30 13:10:37 Loaded file C:\Program Files\OrCAD\Layout_Plus\data\template.imp
Wed May 30 13:10:37 Loaded file C:\Program Files\OrCAD\Layout_Plus\data\template.imp
Wed May 30 13:10:37 Loaded file C:\Program Files\OrCAD\Layout_Plus\data\template.imp
Wed May 30 13:10:37 Loaded file C:\Program Files\OrCAD\Layout_Plus\data\template.imp
Wed May 30 13:10:38 Loaded file C:\Program Files\OrCAD\Layout_Plus\data\template.imp
Wed May 30 13:10:38 Loaded file C:\Program Files\OrCAD\Layout_Plus\data\template.imp
Wed May 30 13:10:38 Loaded file C:\Program Files\OrCAD\Layout_Plus\data\template.imp
Wed May 30 13:10:38 Loaded file C:\Program Files\OrCAD\Layout_Plus\data\template.imp
Wed May 30 13:10:38 Loaded file C:\Program Files\OrCAD\Layout_Plus\data\template.imp
Wed May 30 13:10:38 Loaded file C:\Program Files\OrCAD\Layout_Plus\data\template.imp
Wed May 30 13:10:40 Loaded file C:\Program Files\OrCAD\Layout_Plus\library\SM.llb
Wed May 30 13:10:40 Loaded file C:\Program Files\OrCAD\Layout_Plus\data\template.imp
Wed May 30 13:10:41 Loaded file C:\Program Files\OrCAD\Layout_Plus\data\template.imp
Wed May 30 13:10:41 Loaded file C:\Program Files\OrCAD\Layout_Plus\data\template.imp
Wed May 30 13:10:41 Loaded file C:\Program Files\OrCAD\Layout_Plus\data\template.imp
Wed May 30 13:10:42 Loaded file C:\Program Files\OrCAD\Layout_Plus\data\template.imp
Wed May 30 13:10:42 Loaded file C:\Program Files\OrCAD\Layout_Plus\data\template.imp
Wed May 30 13:10:42 Loaded file C:\Program Files\OrCAD\Layout_Plus\data\template.imp
Wed May 30 13:10:42 Loaded file C:\Program Files\OrCAD\Layout_Plus\data\template.imp
Wed May 30 13:10:42 Loaded file C:\Program Files\OrCAD\Layout_Plus\data\template.imp
Wed May 30 13:10:42 Loaded file C:\Program Files\OrCAD\Layout_Plus\data\template.imp
Wed May 30 13:10:42 Loaded file C:\Program Files\OrCAD\Layout_Plus\data\template.imp
Wed May 30 13:10:42 Loaded file C:\Program Files\OrCAD\Layout_Plus\data\template.imp
Wed May 30 13:10:42 Loaded file C:\Program Files\OrCAD\Layout_Plus\data\template.imp
Wed May 30 13:10:42 Loaded file C:\Program Files\OrCAD\Layout_Plus\data\template.imp
Wed May 30 13:10:42 Loaded file C:\Program Files\OrCAD\Layout_Plus\data\template.imp
Wed May 30 13:10:42 Loaded file C:\Program Files\OrCAD\Layout_Plus\data\template.imp
Wed May 30 13:10:42 Loaded file C:\Program Files\OrCAD\Layout_Plus\data\template.imp
Wed May 30 13:10:42 Loaded file C:\Program Files\OrCAD\Layout_Plus\data\template.imp
Wed May 30 13:10:42 Loaded file C:\Program Files\OrCAD\Layout_Plus\data\template.imp
Wed May 30 13:10:42 Loaded file C:\Program Files\OrCAD\Layout_Plus\data\template.imp
Wed May 30 13:10:42 Loaded file C:\Program Files\OrCAD\Layout_Plus\data\template.imp
Wed May 30 13:10:42 Loaded file C:\Program Files\OrCAD\Layout_Plus\data\template.imp
Wed May 30 13:10:42 Loaded file C:\Program Files\OrCAD\Layout_Plus\data\template.imp
Wed May 30 13:10:42 Loaded file C:\Program Files\OrCAD\Layout_Plus\data\template.imp
Wed May 30 13:10:42 Loaded file C:\Program Files\OrCAD\Layout_Plus\data\template.imp
Wed May 30 13:10:43 Loaded file C:\Program Files\OrCAD\Layout_Plus\data\template.imp
Wed May 30 13:10:43 Loaded file C:\Program Files\OrCAD\Layout_Plus\data\template.imp
Wed May 30 13:10:43 Loaded file C:\Program Files\OrCAD\Layout_Plus\data\template.imp
Wed May 30 13:10:43 Loaded file C:\Program Files\OrCAD\Layout_Plus\data\template.imp
Wed May 30 13:10:43 Loaded file C:\Program Files\OrCAD\Layout_Plus\data\template.imp
Wed May 30 13:10:43 Loaded file C:\Program Files\OrCAD\Layout_Plus\data\template.imp
Wed May 30 13:10:43 Loaded file C:\Program Files\OrCAD\Layout_Plus\data\template.imp
Wed May 30 13:10:43 Loaded file C:\Program Files\OrCAD\Layout_Plus\data\template.imp
Wed May 30 13:10:43 Loaded file C:\Program Files\OrCAD\Layout_Plus\data\template.imp
Wed May 30 13:10:43 Loaded file C:\Program Files\OrCAD\Layout_Plus\data\template.imp
Wed May 30 13:10:43 Loaded file C:\Program Files\OrCAD\Layout_Plus\data\template.imp
Wed May 30 13:10:43 Loaded file C:\Program Files\OrCAD\Layout_Plus\data\template.imp
Wed May 30 13:10:43 Loaded file C:\Program Files\OrCAD\Layout_Plus\data\template.imp
Wed May 30 13:10:44 Loaded file C:\Program Files\OrCAD\Layout_Plus\data\template.imp
Wed May 30 13:10:44 Loaded file C:\Program Files\OrCAD\Layout_Plus\data\template.imp
Wed May 30 13:10:44 Loaded file C:\Program Files\OrCAD\Layout_Plus\data\template.imp
Wed May 30 13:10:44 Loaded file C:\Program Files\OrCAD\Layout_Plus\data\template.imp
Wed May 30 13:10:47 Loaded file C:\Program Files\OrCAD\Layout_Plus\library\TELE.llb
Wed May 30 13:10:47 Loaded file C:\Program Files\OrCAD\Layout_Plus\data\template.imp
Wed May 30 13:10:48 Loaded file C:\Program Files\OrCAD\Layout_Plus\data\template.imp
Wed May 30 13:10:48 Loaded file C:\Program Files\OrCAD\Layout_Plus\data\template.imp
Wed May 30 13:10:48 Loaded file C:\Program Files\OrCAD\Layout_Plus\data\template.imp
Wed May 30 13:10:48 Loaded file C:\Program Files\OrCAD\Layout_Plus\data\template.imp
Wed May 30 13:10:48 Loaded file C:\Program Files\OrCAD\Layout_Plus\data\template.imp
Wed May 30 13:10:48 Loaded file C:\Program Files\OrCAD\Layout_Plus\data\template.imp
Wed May 30 13:10:48 Loaded file C:\Program Files\OrCAD\Layout_Plus\data\template.imp
Wed May 30 13:10:48 Loaded file C:\Program Files\OrCAD\Layout_Plus\data\template.imp
Wed May 30 13:10:48 Loaded file C:\Program Files\OrCAD\Layout_Plus\data\template.imp
Wed May 30 13:10:49 Loaded file C:\Program Files\OrCAD\Layout_Plus\data\template.imp
Wed May 30 13:10:49 Loaded file C:\Program Files\OrCAD\Layout_Plus\data\template.imp
Wed May 30 13:10:49 Loaded file C:\Program Files\OrCAD\Layout_Plus\data\template.imp
Wed May 30 13:10:49 Loaded file C:\Program Files\OrCAD\Layout_Plus\data\template.imp
Wed May 30 13:10:49 Loaded file C:\Program Files\OrCAD\Layout_Plus\data\template.imp
Wed May 30 13:10:49 Loaded file C:\Program Files\OrCAD\Layout_Plus\data\template.imp
Wed May 30 13:10:49 Loaded file C:\Program Files\OrCAD\Layout_Plus\data\template.imp
Wed May 30 13:10:49 Loaded file C:\Program Files\OrCAD\Layout_Plus\data\template.imp
Wed May 30 13:10:49 Loaded file C:\Program Files\OrCAD\Layout_Plus\data\template.imp
Wed May 30 13:10:49 Loaded file C:\Program Files\OrCAD\Layout_Plus\data\template.imp
Wed May 30 13:10:49 Loaded file C:\Program Files\OrCAD\Layout_Plus\data\template.imp
Wed May 30 13:10:49 Loaded file C:\Program Files\OrCAD\Layout_Plus\data\template.imp
Wed May 30 13:10:49 Loaded file C:\Program Files\OrCAD\Layout_Plus\data\template.imp
Wed May 30 13:10:49 Loaded file C:\Program Files\OrCAD\Layout_Plus\data\template.imp
Wed May 30 13:10:49 Loaded file C:\Program Files\OrCAD\Layout_Plus\data\template.imp
Wed May 30 13:10:49 Loaded file C:\Program Files\OrCAD\Layout_Plus\data\template.imp
Wed May 30 13:10:49 Loaded file C:\Program Files\OrCAD\Layout_Plus\data\template.imp
Wed May 30 13:10:49 Loaded file C:\Program Files\OrCAD\Layout_Plus\data\template.imp
Wed May 30 13:10:49 Loaded file C:\Program Files\OrCAD\Layout_Plus\data\template.imp
Wed May 30 13:10:49 Loaded file C:\Program Files\OrCAD\Layout_Plus\data\template.imp
Wed May 30 13:10:49 Loaded file C:\Program Files\OrCAD\Layout_Plus\data\template.imp
Wed May 30 13:10:50 Loaded file C:\Program Files\OrCAD\Layout_Plus\data\template.imp
Wed May 30 13:10:51 Loaded file C:\Program Files\OrCAD\Layout_Plus\library\TM_AXIAL.llb
Wed May 30 13:10:54 Loaded file C:\Program Files\OrCAD\Layout_Plus\library\TM_CAP_P.llb
Wed May 30 13:10:55 Loaded file C:\Program Files\OrCAD\Layout_Plus\data\template.imp
Wed May 30 13:10:56 Loaded file C:\Program Files\OrCAD\Layout_Plus\data\template.imp
Wed May 30 13:10:56 Loaded file C:\Program Files\OrCAD\Layout_Plus\data\template.imp
Wed May 30 13:10:57 Loaded file C:\Program Files\OrCAD\Layout_Plus\library\TM_CYLND.llb
Wed May 30 13:10:58 Loaded file C:\Program Files\OrCAD\Layout_Plus\data\template.imp
Wed May 30 13:10:59 Loaded file C:\Program Files\OrCAD\Layout_Plus\data\template.imp
Wed May 30 13:10:59 Loaded file C:\Program Files\OrCAD\Layout_Plus\data\template.imp
Wed May 30 13:11:00 Loaded file C:\Program Files\OrCAD\Layout_Plus\library\TM_DIODE.llb
Wed May 30 13:11:01 Loaded file C:\Program Files\OrCAD\Layout_Plus\library\TM_DISC.llb
Wed May 30 13:11:01 Loaded file C:\Program Files\OrCAD\Layout_Plus\data\template.imp
Wed May 30 13:11:02 Loaded file C:\Program Files\OrCAD\Layout_Plus\data\template.imp
Wed May 30 13:11:03 Loaded file C:\Program Files\OrCAD\Layout_Plus\data\template.imp
Wed May 30 13:11:03 Loaded file C:\Program Files\OrCAD\Layout_Plus\data\template.imp
Wed May 30 13:11:03 Loaded file C:\Program Files\OrCAD\Layout_Plus\data\template.imp
Wed May 30 13:11:03 Loaded file C:\Program Files\OrCAD\Layout_Plus\data\template.imp
Wed May 30 13:11:03 Loaded file C:\Program Files\OrCAD\Layout_Plus\data\template.imp
Wed May 30 13:11:03 Loaded file C:\Program Files\OrCAD\Layout_Plus\data\template.imp
Wed May 30 13:11:03 Loaded file C:\Program Files\OrCAD\Layout_Plus\data\template.imp
Wed May 30 13:11:04 Loaded file C:\Program Files\OrCAD\Layout_Plus\data\template.imp
Wed May 30 13:11:04 Loaded file C:\Program Files\OrCAD\Layout_Plus\data\template.imp
Wed May 30 13:11:04 Loaded file C:\Program Files\OrCAD\Layout_Plus\data\template.imp
Wed May 30 13:11:04 Loaded file C:\Program Files\OrCAD\Layout_Plus\data\template.imp
Wed May 30 13:11:04 Loaded file C:\Program Files\OrCAD\Layout_Plus\data\template.imp
Wed May 30 13:11:04 Loaded file C:\Program Files\OrCAD\Layout_Plus\data\template.imp
Wed May 30 13:11:05 Loaded file C:\Program Files\OrCAD\Layout_Plus\data\template.imp
Wed May 30 13:11:05 Loaded file C:\Program Files\OrCAD\Layout_Plus\data\template.imp
Wed May 30 13:11:05 Loaded file C:\Program Files\OrCAD\Layout_Plus\data\template.imp
Wed May 30 13:11:05 Loaded file C:\Program Files\OrCAD\Layout_Plus\data\template.imp
Wed May 30 13:11:05 Loaded file C:\Program Files\OrCAD\Layout_Plus\data\template.imp
Wed May 30 13:11:05 Loaded file C:\Program Files\OrCAD\Layout_Plus\data\template.imp
Wed May 30 13:11:05 Loaded file C:\Program Files\OrCAD\Layout_Plus\data\template.imp
Wed May 30 13:11:05 Loaded file C:\Program Files\OrCAD\Layout_Plus\data\template.imp
Wed May 30 13:11:05 Loaded file C:\Program Files\OrCAD\Layout_Plus\data\template.imp
Wed May 30 13:11:05 Loaded file C:\Program Files\OrCAD\Layout_Plus\data\template.imp
Wed May 30 13:11:05 Loaded file C:\Program Files\OrCAD\Layout_Plus\data\template.imp
Wed May 30 13:11:05 Loaded file C:\Program Files\OrCAD\Layout_Plus\data\template.imp
Wed May 30 13:11:05 Loaded file C:\Program Files\OrCAD\Layout_Plus\data\template.imp
Wed May 30 13:11:05 Loaded file C:\Program Files\OrCAD\Layout_Plus\data\template.imp
Wed May 30 13:11:05 Loaded file C:\Program Files\OrCAD\Layout_Plus\data\template.imp
Wed May 30 13:11:05 Loaded file C:\Program Files\OrCAD\Layout_Plus\data\template.imp
Wed May 30 13:11:05 Loaded file C:\Program Files\OrCAD\Layout_Plus\data\template.imp
Wed May 30 13:11:06 Loaded file C:\Program Files\OrCAD\Layout_Plus\data\template.imp
Wed May 30 13:11:06 Loaded file C:\Program Files\OrCAD\Layout_Plus\data\template.imp
Wed May 30 13:11:06 Loaded file C:\Program Files\OrCAD\Layout_Plus\data\template.imp
Wed May 30 13:11:06 Loaded file C:\Program Files\OrCAD\Layout_Plus\data\template.imp
Wed May 30 13:11:06 Loaded file C:\Program Files\OrCAD\Layout_Plus\data\template.imp
Wed May 30 13:11:06 Loaded file C:\Program Files\OrCAD\Layout_Plus\data\template.imp
Wed May 30 13:11:06 Loaded file C:\Program Files\OrCAD\Layout_Plus\data\template.imp
Wed May 30 13:11:06 Loaded file C:\Program Files\OrCAD\Layout_Plus\data\template.imp
Wed May 30 13:11:06 Loaded file C:\Program Files\OrCAD\Layout_Plus\data\template.imp
Wed May 30 13:11:06 Loaded file C:\Program Files\OrCAD\Layout_Plus\data\template.imp
Wed May 30 13:11:06 Loaded file C:\Program Files\OrCAD\Layout_Plus\data\template.imp
Wed May 30 13:11:06 Loaded file C:\Program Files\OrCAD\Layout_Plus\data\template.imp
Wed May 30 13:11:06 Loaded file C:\Program Files\OrCAD\Layout_Plus\data\template.imp
Wed May 30 13:11:06 Loaded file C:\Program Files\OrCAD\Layout_Plus\data\template.imp
Wed May 30 13:11:06 Loaded file C:\Program Files\OrCAD\Layout_Plus\data\template.imp
Wed May 30 13:11:06 Loaded file C:\Program Files\OrCAD\Layout_Plus\data\template.imp
Wed May 30 13:11:06 Loaded file C:\Program Files\OrCAD\Layout_Plus\data\template.imp
Wed May 30 13:11:06 Loaded file C:\Program Files\OrCAD\Layout_Plus\data\template.imp
Wed May 30 13:11:06 Loaded file C:\Program Files\OrCAD\Layout_Plus\data\template.imp
Wed May 30 13:11:06 Loaded file C:\Program Files\OrCAD\Layout_Plus\data\template.imp
Wed May 30 13:11:06 Loaded file C:\Program Files\OrCAD\Layout_Plus\data\template.imp
Wed May 30 13:11:06 Loaded file C:\Program Files\OrCAD\Layout_Plus\data\template.imp
Wed May 30 13:11:07 Loaded file C:\Program Files\OrCAD\Layout_Plus\data\template.imp
Wed May 30 13:11:07 Loaded file C:\Program Files\OrCAD\Layout_Plus\data\template.imp
Wed May 30 13:11:07 Loaded file C:\Program Files\OrCAD\Layout_Plus\data\template.imp
Wed May 30 13:11:07 Loaded file C:\Program Files\OrCAD\Layout_Plus\data\template.imp
Wed May 30 13:11:07 Loaded file C:\Program Files\OrCAD\Layout_Plus\data\template.imp
Wed May 30 13:11:07 Loaded file C:\Program Files\OrCAD\Layout_Plus\data\template.imp
Wed May 30 13:11:07 Loaded file C:\Program Files\OrCAD\Layout_Plus\data\template.imp
Wed May 30 13:11:07 Loaded file C:\Program Files\OrCAD\Layout_Plus\data\template.imp
Wed May 30 13:11:07 Loaded file C:\Program Files\OrCAD\Layout_Plus\data\template.imp
Wed May 30 13:11:07 Loaded file C:\Program Files\OrCAD\Layout_Plus\data\template.imp
Wed May 30 13:11:07 Loaded file C:\Program Files\OrCAD\Layout_Plus\data\template.imp
Wed May 30 13:11:09 Loaded file C:\Program Files\OrCAD\Layout_Plus\library\TM_DISC.llb
Wed May 30 13:11:09 Loaded file C:\Program Files\OrCAD\Layout_Plus\library\TM_RAD.llb
Wed May 30 13:11:10 Loaded file C:\Program Files\OrCAD\Layout_Plus\data\template.imp
Wed May 30 13:11:10 Loaded file C:\Program Files\OrCAD\Layout_Plus\data\template.imp
Wed May 30 13:11:10 Loaded file C:\Program Files\OrCAD\Layout_Plus\data\template.imp
Wed May 30 13:11:10 Loaded file C:\Program Files\OrCAD\Layout_Plus\data\template.imp
Wed May 30 13:11:11 Loaded file C:\Program Files\OrCAD\Layout_Plus\library\TM_RAD.llb
Wed May 30 13:11:12 Loaded file C:\Program Files\OrCAD\Layout_Plus\data\template.imp
Wed May 30 13:11:13 Loaded file C:\Program Files\OrCAD\Layout_Plus\library\TO.llb
Wed May 30 13:11:14 Loaded file C:\Program Files\OrCAD\Layout_Plus\library\TM_RAD.llb
Wed May 30 13:11:15 Loaded file C:\Program Files\OrCAD\Layout_Plus\data\template.imp
Wed May 30 13:11:15 Loaded file C:\Program Files\OrCAD\Layout_Plus\data\template.imp
Wed May 30 13:11:16 Loaded file C:\Program Files\OrCAD\Layout_Plus\data\template.imp
Wed May 30 13:11:16 Loaded file C:\Program Files\OrCAD\Layout_Plus\data\template.imp
Wed May 30 13:11:16 Loaded file C:\Program Files\OrCAD\Layout_Plus\data\template.imp
Wed May 30 13:11:16 Loaded file C:\Program Files\OrCAD\Layout_Plus\data\template.imp
Wed May 30 13:11:16 Loaded file C:\Program Files\OrCAD\Layout_Plus\data\template.imp
Wed May 30 13:11:16 Loaded file C:\Program Files\OrCAD\Layout_Plus\data\template.imp
Wed May 30 13:11:16 Loaded file C:\Program Files\OrCAD\Layout_Plus\data\template.imp
Wed May 30 13:11:16 Loaded file C:\Program Files\OrCAD\Layout_Plus\data\template.imp
Wed May 30 13:11:16 Loaded file C:\Program Files\OrCAD\Layout_Plus\data\template.imp
Wed May 30 13:11:16 Loaded file C:\Program Files\OrCAD\Layout_Plus\data\template.imp
Wed May 30 13:11:16 Loaded file C:\Program Files\OrCAD\Layout_Plus\data\template.imp
Wed May 30 13:11:16 Loaded file C:\Program Files\OrCAD\Layout_Plus\data\template.imp
Wed May 30 13:11:16 Loaded file C:\Program Files\OrCAD\Layout_Plus\data\template.imp
Wed May 30 13:11:16 Loaded file C:\Program Files\OrCAD\Layout_Plus\data\template.imp
Wed May 30 13:11:16 Loaded file C:\Program Files\OrCAD\Layout_Plus\data\template.imp
Wed May 30 13:11:16 Loaded file C:\Program Files\OrCAD\Layout_Plus\data\template.imp
Wed May 30 13:11:16 Loaded file C:\Program Files\OrCAD\Layout_Plus\data\template.imp
Wed May 30 13:11:16 Loaded file C:\Program Files\OrCAD\Layout_Plus\data\template.imp
Wed May 30 13:11:16 Loaded file C:\Program Files\OrCAD\Layout_Plus\data\template.imp
Wed May 30 13:11:17 Loaded file C:\Program Files\OrCAD\Layout_Plus\data\template.imp
Wed May 30 13:11:17 Loaded file C:\Program Files\OrCAD\Layout_Plus\data\template.imp
Wed May 30 13:11:17 Loaded file C:\Program Files\OrCAD\Layout_Plus\data\template.imp
Wed May 30 13:11:17 Loaded file C:\Program Files\OrCAD\Layout_Plus\data\template.imp
Wed May 30 13:11:17 Loaded file C:\Program Files\OrCAD\Layout_Plus\data\template.imp
Wed May 30 13:11:17 Loaded file C:\Program Files\OrCAD\Layout_Plus\data\template.imp
Wed May 30 13:11:17 Loaded file C:\Program Files\OrCAD\Layout_Plus\data\template.imp
Wed May 30 13:11:17 Loaded file C:\Program Files\OrCAD\Layout_Plus\data\template.imp
Wed May 30 13:11:17 Loaded file C:\Program Files\OrCAD\Layout_Plus\data\template.imp
Wed May 30 13:11:17 Loaded file C:\Program Files\OrCAD\Layout_Plus\data\template.imp
Wed May 30 13:11:17 Loaded file C:\Program Files\OrCAD\Layout_Plus\data\template.imp
Wed May 30 13:11:17 Loaded file C:\Program Files\OrCAD\Layout_Plus\data\template.imp
Wed May 30 13:11:17 Loaded file C:\Program Files\OrCAD\Layout_Plus\data\template.imp
Wed May 30 13:11:17 Loaded file C:\Program Files\OrCAD\Layout_Plus\data\template.imp
Wed May 30 13:11:17 Loaded file C:\Program Files\OrCAD\Layout_Plus\data\template.imp
Wed May 30 13:11:17 Loaded file C:\Program Files\OrCAD\Layout_Plus\data\template.imp
Wed May 30 13:11:17 Loaded file C:\Program Files\OrCAD\Layout_Plus\data\template.imp
Wed May 30 13:11:17 Loaded file C:\Program Files\OrCAD\Layout_Plus\data\template.imp
Wed May 30 13:11:17 Loaded file C:\Program Files\OrCAD\Layout_Plus\data\template.imp
Wed May 30 13:11:17 Loaded file C:\Program Files\OrCAD\Layout_Plus\data\template.imp
Wed May 30 13:11:17 Loaded file C:\Program Files\OrCAD\Layout_Plus\data\template.imp
Wed May 30 13:11:17 Loaded file C:\Program Files\OrCAD\Layout_Plus\data\template.imp
Wed May 30 13:11:18 Loaded file C:\Program Files\OrCAD\Layout_Plus\data\template.imp
Wed May 30 13:11:18 Loaded file C:\Program Files\OrCAD\Layout_Plus\data\template.imp
Wed May 30 13:11:18 Loaded file C:\Program Files\OrCAD\Layout_Plus\data\template.imp
Wed May 30 13:11:18 Loaded file C:\Program Files\OrCAD\Layout_Plus\data\template.imp
Wed May 30 13:11:18 Loaded file C:\Program Files\OrCAD\Layout_Plus\data\template.imp
Wed May 30 13:11:18 Loaded file C:\Program Files\OrCAD\Layout_Plus\data\template.imp
Wed May 30 13:11:19 Loaded file C:\Program Files\OrCAD\Layout_Plus\library\TO.llb
Wed May 30 13:11:19 Loaded file C:\Program Files\OrCAD\Layout_Plus\data\template.imp
Wed May 30 13:11:20 Loaded file C:\Program Files\OrCAD\Layout_Plus\data\template.imp
Wed May 30 13:11:20 Loaded file C:\Program Files\OrCAD\Layout_Plus\data\template.imp
Wed May 30 13:11:21 Loaded file C:\Program Files\OrCAD\Layout_Plus\data\template.imp
Wed May 30 13:11:21 Loaded file C:\Program Files\OrCAD\Layout_Plus\data\template.imp
Wed May 30 13:11:21 Loaded file C:\Program Files\OrCAD\Layout_Plus\data\template.imp
Wed May 30 13:11:21 Loaded file C:\Program Files\OrCAD\Layout_Plus\data\template.imp
Wed May 30 13:11:21 Loaded file C:\Program Files\OrCAD\Layout_Plus\data\template.imp
Wed May 30 13:11:21 Loaded file C:\Program Files\OrCAD\Layout_Plus\data\template.imp
Wed May 30 13:11:21 Loaded file C:\Program Files\OrCAD\Layout_Plus\data\template.imp
Wed May 30 13:11:21 Loaded file C:\Program Files\OrCAD\Layout_Plus\data\template.imp
Wed May 30 13:11:21 Loaded file C:\Program Files\OrCAD\Layout_Plus\data\template.imp
Wed May 30 13:11:21 Loaded file C:\Program Files\OrCAD\Layout_Plus\data\template.imp
Wed May 30 13:11:21 Loaded file C:\Program Files\OrCAD\Layout_Plus\data\template.imp
Wed May 30 13:11:21 Loaded file C:\Program Files\OrCAD\Layout_Plus\data\template.imp
Wed May 30 13:11:21 Loaded file C:\Program Files\OrCAD\Layout_Plus\data\template.imp
Wed May 30 13:11:21 Loaded file C:\Program Files\OrCAD\Layout_Plus\data\template.imp
Wed May 30 13:11:21 Loaded file C:\Program Files\OrCAD\Layout_Plus\data\template.imp
Wed May 30 13:11:22 Loaded file C:\Program Files\OrCAD\Layout_Plus\data\template.imp
Wed May 30 13:11:22 Loaded file C:\Program Files\OrCAD\Layout_Plus\data\template.imp
Wed May 30 13:11:22 Loaded file C:\Program Files\OrCAD\Layout_Plus\data\template.imp
Wed May 30 13:11:22 Loaded file C:\Program Files\OrCAD\Layout_Plus\data\template.imp
Wed May 30 13:11:22 Loaded file C:\Program Files\OrCAD\Layout_Plus\data\template.imp
Wed May 30 13:11:22 Loaded file C:\Program Files\OrCAD\Layout_Plus\data\template.imp
Wed May 30 13:11:22 Loaded file C:\Program Files\OrCAD\Layout_Plus\data\template.imp
Wed May 30 13:11:22 Loaded file C:\Program Files\OrCAD\Layout_Plus\data\template.imp
Wed May 30 13:11:22 Loaded file C:\Program Files\OrCAD\Layout_Plus\data\template.imp
Wed May 30 13:11:22 Loaded file C:\Program Files\OrCAD\Layout_Plus\data\template.imp
Wed May 30 13:11:22 Loaded file C:\Program Files\OrCAD\Layout_Plus\data\template.imp
Wed May 30 13:11:22 Loaded file C:\Program Files\OrCAD\Layout_Plus\data\template.imp
Wed May 30 13:11:22 Loaded file C:\Program Files\OrCAD\Layout_Plus\data\template.imp
Wed May 30 13:11:22 Loaded file C:\Program Files\OrCAD\Layout_Plus\data\template.imp
Wed May 30 13:11:22 Loaded file C:\Program Files\OrCAD\Layout_Plus\data\template.imp
Wed May 30 13:11:22 Loaded file C:\Program Files\OrCAD\Layout_Plus\data\template.imp
Wed May 30 13:11:22 Loaded file C:\Program Files\OrCAD\Layout_Plus\data\template.imp
Wed May 30 13:11:22 Loaded file C:\Program Files\OrCAD\Layout_Plus\data\template.imp
Wed May 30 13:11:22 Loaded file C:\Program Files\OrCAD\Layout_Plus\data\template.imp
Wed May 30 13:11:22 Loaded file C:\Program Files\OrCAD\Layout_Plus\data\template.imp
Wed May 30 13:11:22 Loaded file C:\Program Files\OrCAD\Layout_Plus\data\template.imp
Wed May 30 13:11:22 Loaded file C:\Program Files\OrCAD\Layout_Plus\data\template.imp
Wed May 30 13:11:23 Loaded file C:\Program Files\OrCAD\Layout_Plus\data\template.imp
Wed May 30 13:11:23 Loaded file C:\Program Files\OrCAD\Layout_Plus\data\template.imp
Wed May 30 13:11:23 Loaded file C:\Program Files\OrCAD\Layout_Plus\data\template.imp
Wed May 30 13:11:23 Loaded file C:\Program Files\OrCAD\Layout_Plus\data\template.imp
Wed May 30 13:11:23 Loaded file C:\Program Files\OrCAD\Layout_Plus\data\template.imp
Wed May 30 13:11:23 Loaded file C:\Program Files\OrCAD\Layout_Plus\data\template.imp
Wed May 30 13:11:24 Loaded file C:\Program Files\OrCAD\Layout_Plus\data\template.imp
Wed May 30 13:11:24 Loaded file C:\Program Files\OrCAD\Layout_Plus\data\template.imp
Wed May 30 13:11:24 Loaded file C:\Program Files\OrCAD\Layout_Plus\data\template.imp
Wed May 30 13:11:24 Loaded file C:\Program Files\OrCAD\Layout_Plus\data\template.imp
Wed May 30 13:11:24 Loaded file C:\Program Files\OrCAD\Layout_Plus\data\template.imp
Wed May 30 13:11:25 Loaded file C:\Program Files\OrCAD\Layout_Plus\data\template.imp
Wed May 30 13:11:25 Loaded file C:\Program Files\OrCAD\Layout_Plus\data\template.imp
Wed May 30 13:11:25 Loaded file C:\Program Files\OrCAD\Layout_Plus\data\template.imp
Wed May 30 13:11:25 Loaded file C:\Program Files\OrCAD\Layout_Plus\data\template.imp
Wed May 30 13:11:25 Loaded file C:\Program Files\OrCAD\Layout_Plus\data\template.imp
Wed May 30 13:11:26 Loaded file C:\Program Files\OrCAD\Layout_Plus\data\template.imp
Wed May 30 13:11:26 Loaded file C:\Program Files\OrCAD\Layout_Plus\data\template.imp
Wed May 30 13:11:26 Loaded file C:\Program Files\OrCAD\Layout_Plus\data\template.imp
Wed May 30 13:11:27 Loaded file C:\Program Files\OrCAD\Layout_Plus\data\template.imp
Wed May 30 13:11:27 Loaded file C:\Program Files\OrCAD\Layout_Plus\data\template.imp
Wed May 30 13:11:27 Loaded file C:\Program Files\OrCAD\Layout_Plus\data\template.imp
Wed May 30 13:11:27 Loaded file C:\Program Files\OrCAD\Layout_Plus\data\template.imp
Wed May 30 13:11:27 Loaded file C:\Program Files\OrCAD\Layout_Plus\data\template.imp
Wed May 30 13:11:28 Loaded file C:\Program Files\OrCAD\Layout_Plus\data\template.imp
Wed May 30 13:11:28 Loaded file C:\Program Files\OrCAD\Layout_Plus\data\template.imp
Wed May 30 13:11:28 Loaded file C:\Program Files\OrCAD\Layout_Plus\data\template.imp
Wed May 30 13:11:28 Loaded file C:\Program Files\OrCAD\Layout_Plus\data\template.imp
Wed May 30 13:11:28 Loaded file C:\Program Files\OrCAD\Layout_Plus\data\template.imp
Wed May 30 13:11:29 Loaded file C:\Program Files\OrCAD\Layout_Plus\data\template.imp
Wed May 30 13:11:29 Loaded file C:\Program Files\OrCAD\Layout_Plus\data\template.imp
Wed May 30 13:11:29 Loaded file C:\Program Files\OrCAD\Layout_Plus\data\template.imp
Wed May 30 13:11:29 Loaded file C:\Program Files\OrCAD\Layout_Plus\data\template.imp
Wed May 30 13:11:29 Loaded file C:\Program Files\OrCAD\Layout_Plus\data\template.imp
Wed May 30 13:11:29 Loaded file C:\Program Files\OrCAD\Layout_Plus\data\template.imp
Wed May 30 13:11:30 Loaded file C:\Program Files\OrCAD\Layout_Plus\data\template.imp
Wed May 30 13:11:30 Loaded file C:\Program Files\OrCAD\Layout_Plus\data\template.imp
Wed May 30 13:11:30 Loaded file C:\Program Files\OrCAD\Layout_Plus\data\template.imp
Wed May 30 13:11:30 Loaded file C:\Program Files\OrCAD\Layout_Plus\data\template.imp
Wed May 30 13:11:30 Loaded file C:\Program Files\OrCAD\Layout_Plus\data\template.imp
Wed May 30 13:11:31 Loaded file C:\Program Files\OrCAD\Layout_Plus\data\template.imp
Wed May 30 13:11:31 Loaded file C:\Program Files\OrCAD\Layout_Plus\data\template.imp
Wed May 30 13:11:31 Loaded file C:\Program Files\OrCAD\Layout_Plus\data\template.imp
Wed May 30 13:11:31 Loaded file C:\Program Files\OrCAD\Layout_Plus\data\template.imp
Wed May 30 13:11:31 Loaded file C:\Program Files\OrCAD\Layout_Plus\data\template.imp
Wed May 30 13:11:32 Loaded file C:\Program Files\OrCAD\Layout_Plus\data\template.imp
Wed May 30 13:11:32 Loaded file C:\Program Files\OrCAD\Layout_Plus\data\template.imp
Wed May 30 13:11:32 Loaded file C:\Program Files\OrCAD\Layout_Plus\data\template.imp
Wed May 30 13:11:32 Loaded file C:\Program Files\OrCAD\Layout_Plus\data\template.imp
Wed May 30 13:11:32 Loaded file C:\Program Files\OrCAD\Layout_Plus\data\template.imp
Wed May 30 13:11:33 Loaded file C:\Program Files\OrCAD\Layout_Plus\data\template.imp
Wed May 30 13:11:33 Loaded file C:\Program Files\OrCAD\Layout_Plus\data\template.imp
Wed May 30 13:11:33 Loaded file C:\Program Files\OrCAD\Layout_Plus\data\template.imp
Wed May 30 13:11:33 Loaded file C:\Program Files\OrCAD\Layout_Plus\data\template.imp
Wed May 30 13:11:33 Loaded file C:\Program Files\OrCAD\Layout_Plus\data\template.imp
Wed May 30 13:11:34 Loaded file C:\Program Files\OrCAD\Layout_Plus\data\template.imp
Wed May 30 13:11:34 Loaded file C:\Program Files\OrCAD\Layout_Plus\data\template.imp
Wed May 30 13:11:34 Loaded file C:\Program Files\OrCAD\Layout_Plus\data\template.imp
Wed May 30 13:11:34 Loaded file C:\Program Files\OrCAD\Layout_Plus\data\template.imp
Wed May 30 13:11:34 Loaded file C:\Program Files\OrCAD\Layout_Plus\data\template.imp
Wed May 30 13:11:34 Loaded file C:\Program Files\OrCAD\Layout_Plus\data\template.imp
Wed May 30 13:11:35 Loaded file C:\Program Files\OrCAD\Layout_Plus\data\template.imp
Wed May 30 13:11:35 Loaded file C:\Program Files\OrCAD\Layout_Plus\data\template.imp
Wed May 30 13:11:35 Loaded file C:\Program Files\OrCAD\Layout_Plus\data\template.imp
Wed May 30 13:11:35 Loaded file C:\Program Files\OrCAD\Layout_Plus\data\template.imp
Wed May 30 13:11:37 Loaded file C:\Program Files\OrCAD\Layout_Plus\library\TRAINING.LLB
Wed May 30 13:11:38 Loaded file C:\Program Files\OrCAD\Layout_Plus\data\template.imp
Wed May 30 13:11:39 Loaded file C:\Program Files\OrCAD\Layout_Plus\data\template.imp
Wed May 30 13:11:40 Loaded file C:\Program Files\OrCAD\Layout_Plus\library\VRES.llb
Wed May 30 13:11:40 Loaded file C:\Program Files\OrCAD\Layout_Plus\data\template.imp
Wed May 30 13:11:42 Loaded file C:\Program Files\OrCAD\Layout_Plus\data\template.imp
Wed May 30 13:11:42 Loaded file C:\Program Files\OrCAD\Layout_Plus\data\template.imp
Wed May 30 13:11:42 Loaded file C:\Program Files\OrCAD\Layout_Plus\data\template.imp
Wed May 30 13:11:42 Loaded file C:\Program Files\OrCAD\Layout_Plus\data\template.imp
Wed May 30 13:11:43 Loaded file C:\Program Files\OrCAD\Layout_Plus\data\template.imp
Wed May 30 13:11:43 Loaded file C:\Program Files\OrCAD\Layout_Plus\data\template.imp
Wed May 30 13:11:43 Loaded file C:\Program Files\OrCAD\Layout_Plus\data\template.imp
Wed May 30 13:11:43 Loaded file C:\Program Files\OrCAD\Layout_Plus\data\template.imp
Wed May 30 13:11:43 Loaded file C:\Program Files\OrCAD\Layout_Plus\data\template.imp
Wed May 30 13:11:44 Loaded file C:\Program Files\OrCAD\Layout_Plus\data\template.imp
Wed May 30 13:11:44 Loaded file C:\Program Files\OrCAD\Layout_Plus\data\template.imp
Wed May 30 13:11:45 Loaded file C:\Program Files\OrCAD\Layout_Plus\data\template.imp
Wed May 30 13:11:45 Loaded file C:\Program Files\OrCAD\Layout_Plus\data\template.imp
Wed May 30 13:11:46 Loaded file C:\Program Files\OrCAD\Layout_Plus\data\template.imp
Wed May 30 13:11:46 Loaded file C:\Program Files\OrCAD\Layout_Plus\data\template.imp
Wed May 30 13:11:46 Loaded file C:\Program Files\OrCAD\Layout_Plus\data\template.imp
Wed May 30 13:11:46 Loaded file C:\Program Files\OrCAD\Layout_Plus\data\template.imp
Wed May 30 13:11:47 Loaded file C:\Program Files\OrCAD\Layout_Plus\data\template.imp
Wed May 30 13:11:47 Loaded file C:\Program Files\OrCAD\Layout_Plus\data\template.imp
Wed May 30 13:11:47 Loaded file C:\Program Files\OrCAD\Layout_Plus\data\template.imp
Wed May 30 13:11:47 Loaded file C:\Program Files\OrCAD\Layout_Plus\data\template.imp
Wed May 30 13:11:48 Loaded file C:\Program Files\OrCAD\Layout_Plus\data\template.imp
Wed May 30 13:11:48 Loaded file C:\Program Files\OrCAD\Layout_Plus\data\template.imp
Wed May 30 13:11:48 Loaded file C:\Program Files\OrCAD\Layout_Plus\data\template.imp
Wed May 30 13:11:49 Loaded file C:\Program Files\OrCAD\Layout_Plus\data\template.imp
Wed May 30 13:11:49 Loaded file C:\Program Files\OrCAD\Layout_Plus\data\template.imp
Wed May 30 13:11:49 Loaded file C:\Program Files\OrCAD\Layout_Plus\data\template.imp
Wed May 30 13:11:50 Loaded file C:\Program Files\OrCAD\Layout_Plus\data\template.imp
Wed May 30 13:11:50 Loaded file C:\Program Files\OrCAD\Layout_Plus\data\template.imp
Wed May 30 13:11:50 Loaded file C:\Program Files\OrCAD\Layout_Plus\data\template.imp
Wed May 30 13:11:50 Loaded file C:\Program Files\OrCAD\Layout_Plus\data\template.imp
Wed May 30 13:11:51 Loaded file C:\Program Files\OrCAD\Layout_Plus\data\template.imp
Wed May 30 13:11:51 Loaded file C:\Program Files\OrCAD\Layout_Plus\data\template.imp
Wed May 30 13:11:51 Loaded file C:\Program Files\OrCAD\Layout_Plus\data\template.imp
Wed May 30 13:11:52 Loaded file C:\Program Files\OrCAD\Layout_Plus\data\template.imp
Wed May 30 13:11:52 Loaded file C:\Program Files\OrCAD\Layout_Plus\data\template.imp
Wed May 30 13:11:52 Loaded file C:\Program Files\OrCAD\Layout_Plus\data\template.imp
Wed May 30 13:11:53 Loaded file C:\Program Files\OrCAD\Layout_Plus\data\template.imp
Wed May 30 13:11:53 Loaded file C:\Program Files\OrCAD\Layout_Plus\data\template.imp
Wed May 30 13:11:53 Loaded file C:\Program Files\OrCAD\Layout_Plus\data\template.imp
Wed May 30 13:11:53 Loaded file C:\Program Files\OrCAD\Layout_Plus\data\template.imp
Wed May 30 13:11:54 Loaded file C:\Program Files\OrCAD\Layout_Plus\data\template.imp
Wed May 30 13:11:54 Loaded file C:\Program Files\OrCAD\Layout_Plus\data\template.imp
Wed May 30 13:11:54 Loaded file C:\Program Files\OrCAD\Layout_Plus\data\template.imp
Wed May 30 13:11:55 Loaded file C:\Program Files\OrCAD\Layout_Plus\data\template.imp
Wed May 30 13:11:55 Loaded file C:\Program Files\OrCAD\Layout_Plus\data\template.imp
Wed May 30 13:11:55 Loaded file C:\Program Files\OrCAD\Layout_Plus\data\template.imp
Wed May 30 13:11:56 Loaded file C:\Program Files\OrCAD\Layout_Plus\data\template.imp
Wed May 30 13:11:56 Loaded file C:\Program Files\OrCAD\Layout_Plus\data\template.imp
Wed May 30 13:11:56 Loaded file C:\Program Files\OrCAD\Layout_Plus\data\template.imp
Wed May 30 13:11:56 Loaded file C:\Program Files\OrCAD\Layout_Plus\data\template.imp
Wed May 30 13:11:56 Loaded file C:\Program Files\OrCAD\Layout_Plus\data\template.imp
Wed May 30 13:11:56 Loaded file C:\Program Files\OrCAD\Layout_Plus\data\template.imp
Wed May 30 13:11:57 Loaded file C:\Program Files\OrCAD\Layout_Plus\data\template.imp
Wed May 30 13:11:57 Loaded file C:\Program Files\OrCAD\Layout_Plus\data\template.imp
Wed May 30 13:11:58 Loaded file C:\Program Files\OrCAD\Layout_Plus\data\template.imp
Wed May 30 13:11:59 Loaded file C:\Program Files\OrCAD\Layout_Plus\data\template.imp
Wed May 30 13:11:59 Loaded file C:\Program Files\OrCAD\Layout_Plus\data\template.imp
Wed May 30 13:11:59 Loaded file C:\Program Files\OrCAD\Layout_Plus\data\template.imp
Wed May 30 13:12:00 Loaded file C:\Program Files\OrCAD\Layout_Plus\data\template.imp
Wed May 30 13:12:01 Loaded file C:\Program Files\OrCAD\Layout_Plus\data\template.imp
Wed May 30 13:12:01 Loaded file C:\Program Files\OrCAD\Layout_Plus\data\template.imp
Wed May 30 13:12:03 Loaded file C:\Program Files\OrCAD\Layout_Plus\library\WCON100T.llb
Wed May 30 13:12:04 Loaded file C:\Program Files\OrCAD\Layout_Plus\data\template.imp
Wed May 30 13:12:05 Loaded file C:\Program Files\OrCAD\Layout_Plus\data\template.imp
Wed May 30 13:12:05 Loaded file C:\Program Files\OrCAD\Layout_Plus\data\template.imp
Wed May 30 13:12:05 Loaded file C:\Program Files\OrCAD\Layout_Plus\data\template.imp
Wed May 30 13:12:06 Loaded file C:\Program Files\OrCAD\Layout_Plus\data\template.imp
Wed May 30 13:12:06 Loaded file C:\Program Files\OrCAD\Layout_Plus\data\template.imp
Wed May 30 13:12:06 Loaded file C:\Program Files\OrCAD\Layout_Plus\data\template.imp
Wed May 30 13:12:08 Loaded file C:\Program Files\OrCAD\Layout_Plus\library\XT.llb
Wed May 30 13:12:09 Loaded file C:\Program Files\OrCAD\Layout_Plus\data\template.imp
Wed May 30 13:12:09 Loaded file C:\Program Files\OrCAD\Layout_Plus\data\template.imp
Wed May 30 13:12:10 Loaded file C:\Program Files\OrCAD\Layout_Plus\data\template.imp
Wed May 30 13:12:10 Loaded file C:\Program Files\OrCAD\Layout_Plus\data\template.imp
Wed May 30 13:12:11 Loaded file C:\Program Files\OrCAD\Layout_Plus\library\ZIGZAG.llb
Wed May 30 13:12:12 Loaded file C:\Program Files\OrCAD\Layout_Plus\data\template.imp
Wed May 30 13:12:13 Loaded file C:\Program Files\OrCAD\Layout_Plus\data\template.imp
Wed May 30 13:12:13 Loaded file C:\Program Files\OrCAD\Layout_Plus\data\template.imp
Wed May 30 13:12:13 Loaded file C:\Program Files\OrCAD\Layout_Plus\data\template.imp
Wed May 30 13:12:13 Loaded file C:\Program Files\OrCAD\Layout_Plus\data\template.imp
Wed May 30 13:12:18 Loaded file C:\Program Files\OrCAD\Layout_Plus\data\template.imp
Wed May 30 13:12:19 Loaded file C:\Program Files\OrCAD\Layout_Plus\data\template.imp
Wed May 30 13:12:19 Loaded file C:\Program Files\OrCAD\Layout_Plus\data\template.imp
Wed May 30 13:12:19 Loaded file C:\Program Files\OrCAD\Layout_Plus\data\template.imp
Wed May 30 13:12:19 Loaded file C:\Program Files\OrCAD\Layout_Plus\data\template.imp
Wed May 30 13:12:19 Loaded file C:\Program Files\OrCAD\Layout_Plus\data\template.imp
Wed May 30 13:12:19 Loaded file C:\Program Files\OrCAD\Layout_Plus\data\template.imp
Wed May 30 13:12:19 Loaded file C:\Program Files\OrCAD\Layout_Plus\data\template.imp
Wed May 30 13:12:19 Loaded file C:\Program Files\OrCAD\Layout_Plus\data\template.imp
Wed May 30 13:12:19 Loaded file C:\Program Files\OrCAD\Layout_Plus\data\template.imp
Wed May 30 13:12:19 Loaded file C:\Program Files\OrCAD\Layout_Plus\data\template.imp
Wed May 30 13:12:20 Loaded file C:\Program Files\OrCAD\Layout_Plus\data\template.imp
Wed May 30 13:12:20 Loaded file C:\Program Files\OrCAD\Layout_Plus\data\template.imp
Wed May 30 13:12:20 Loaded file C:\Program Files\OrCAD\Layout_Plus\data\template.imp
Wed May 30 13:12:20 Loaded file C:\Program Files\OrCAD\Layout_Plus\data\template.imp
Wed May 30 13:12:20 Loaded file C:\Program Files\OrCAD\Layout_Plus\data\template.imp
Wed May 30 13:12:20 Loaded file C:\Program Files\OrCAD\Layout_Plus\data\template.imp
Wed May 30 13:12:20 Loaded file C:\Program Files\OrCAD\Layout_Plus\data\template.imp
Wed May 30 13:12:20 Loaded file C:\Program Files\OrCAD\Layout_Plus\data\template.imp
Wed May 30 13:12:20 Loaded file C:\Program Files\OrCAD\Layout_Plus\data\template.imp
Wed May 30 13:12:20 Loaded file C:\Program Files\OrCAD\Layout_Plus\data\template.imp
Wed May 30 13:12:20 Loaded file C:\Program Files\OrCAD\Layout_Plus\data\template.imp
Wed May 30 13:12:20 Loaded file C:\Program Files\OrCAD\Layout_Plus\data\template.imp
Wed May 30 13:12:20 Loaded file C:\Program Files\OrCAD\Layout_Plus\data\template.imp
Wed May 30 13:12:20 Loaded file C:\Program Files\OrCAD\Layout_Plus\data\template.imp
Wed May 30 13:12:21 Loaded file C:\Program Files\OrCAD\Layout_Plus\data\template.imp
Wed May 30 13:12:21 Loaded file C:\Program Files\OrCAD\Layout_Plus\data\template.imp
Wed May 30 13:12:21 Loaded file C:\Program Files\OrCAD\Layout_Plus\data\template.imp
Wed May 30 13:12:21 Loaded file C:\Program Files\OrCAD\Layout_Plus\data\template.imp
Wed May 30 13:12:21 Loaded file C:\Program Files\OrCAD\Layout_Plus\data\template.imp
Wed May 30 13:12:21 Loaded file C:\Program Files\OrCAD\Layout_Plus\data\template.imp
Wed May 30 13:12:21 Loaded file C:\Program Files\OrCAD\Layout_Plus\data\template.imp
Wed May 30 13:12:21 Loaded file C:\Program Files\OrCAD\Layout_Plus\data\template.imp
Wed May 30 13:12:21 Loaded file C:\Program Files\OrCAD\Layout_Plus\data\template.imp
Wed May 30 13:12:21 Loaded file C:\Program Files\OrCAD\Layout_Plus\data\template.imp
Wed May 30 13:12:21 Loaded file C:\Program Files\OrCAD\Layout_Plus\data\template.imp
Wed May 30 13:12:21 Loaded file C:\Program Files\OrCAD\Layout_Plus\data\template.imp
Wed May 30 13:12:21 Loaded file C:\Program Files\OrCAD\Layout_Plus\data\template.imp
Wed May 30 13:12:22 Loaded file C:\Program Files\OrCAD\Layout_Plus\data\template.imp
Wed May 30 13:12:22 Loaded file C:\Program Files\OrCAD\Layout_Plus\data\template.imp
Wed May 30 13:12:22 Loaded file C:\Program Files\OrCAD\Layout_Plus\data\template.imp
Wed May 30 13:12:22 Loaded file C:\Program Files\OrCAD\Layout_Plus\data\template.imp
Wed May 30 13:12:22 Loaded file C:\Program Files\OrCAD\Layout_Plus\data\template.imp
Wed May 30 13:12:23 Loaded file C:\Program Files\OrCAD\Layout_Plus\data\template.imp
Wed May 30 13:12:23 Loaded file C:\Program Files\OrCAD\Layout_Plus\data\template.imp
Wed May 30 13:12:23 Loaded file C:\Program Files\OrCAD\Layout_Plus\data\template.imp
Wed May 30 13:12:23 Loaded file C:\Program Files\OrCAD\Layout_Plus\data\template.imp
Wed May 30 13:12:24 Loaded file C:\Program Files\OrCAD\Layout_Plus\data\template.imp
Wed May 30 13:12:24 Loaded file C:\Program Files\OrCAD\Layout_Plus\data\template.imp
Wed May 30 13:12:25 Loaded file C:\Program Files\OrCAD\Layout_Plus\data\template.imp
Wed May 30 13:12:25 Loaded file C:\Program Files\OrCAD\Layout_Plus\data\template.imp
Wed May 30 13:12:25 Loaded file C:\Program Files\OrCAD\Layout_Plus\data\template.imp
Wed May 30 13:12:25 Loaded file C:\Program Files\OrCAD\Layout_Plus\data\template.imp
Wed May 30 13:12:25 Loaded file C:\Program Files\OrCAD\Layout_Plus\data\template.imp
Wed May 30 13:12:25 Loaded file C:\Program Files\OrCAD\Layout_Plus\data\template.imp
Wed May 30 13:12:26 Loaded file C:\Program Files\OrCAD\Layout_Plus\data\template.imp
Wed May 30 13:12:26 Loaded file C:\Program Files\OrCAD\Layout_Plus\data\template.imp
Wed May 30 13:12:26 Loaded file C:\Program Files\OrCAD\Layout_Plus\data\template.imp
Wed May 30 13:12:27 Loaded file C:\Program Files\OrCAD\Layout_Plus\data\template.imp
Wed May 30 13:12:28 Loaded file C:\Program Files\OrCAD\Layout_Plus\data\template.imp
Wed May 30 13:12:28 Loaded file C:\Program Files\OrCAD\Layout_Plus\data\template.imp
Wed May 30 13:12:28 Loaded file C:\Program Files\OrCAD\Layout_Plus\data\template.imp
Wed May 30 13:12:28 Loaded file C:\Program Files\OrCAD\Layout_Plus\data\template.imp
Wed May 30 13:12:29 Loaded file C:\Program Files\OrCAD\Layout_Plus\data\template.imp
Wed May 30 13:12:30 Loaded file C:\Program Files\OrCAD\Layout_Plus\data\template.imp
Wed May 30 13:12:31 Loaded file C:\Program Files\OrCAD\Layout_Plus\data\template.imp
Wed May 30 13:12:31 Loaded file C:\Program Files\OrCAD\Layout_Plus\data\template.imp
Wed May 30 13:12:31 Loaded file C:\Program Files\OrCAD\Layout_Plus\data\template.imp
Wed May 30 13:12:31 Loaded file C:\Program Files\OrCAD\Layout_Plus\data\template.imp
Wed May 30 13:12:31 Loaded file C:\Program Files\OrCAD\Layout_Plus\data\template.imp
Wed May 30 13:12:32 Loaded file C:\Program Files\OrCAD\Layout_Plus\data\template.imp
Wed May 30 13:12:32 Loaded file C:\Program Files\OrCAD\Layout_Plus\data\template.imp
Wed May 30 13:12:32 Loaded file C:\Program Files\OrCAD\Layout_Plus\data\template.imp
Wed May 30 13:12:32 Loaded file C:\Program Files\OrCAD\Layout_Plus\data\template.imp
Wed May 30 13:12:32 Loaded file C:\Program Files\OrCAD\Layout_Plus\data\template.imp
Wed May 30 13:12:32 Loaded file C:\Program Files\OrCAD\Layout_Plus\data\template.imp
Wed May 30 13:12:33 Loaded file C:\Program Files\OrCAD\Layout_Plus\data\template.imp
Wed May 30 13:12:33 Loaded file C:\Program Files\OrCAD\Layout_Plus\data\template.imp
Wed May 30 13:12:33 Loaded file C:\Program Files\OrCAD\Layout_Plus\data\template.imp
Wed May 30 13:13:09 Saved as file C:\DOCUMENTS AND SETTINGS\MAR\ESCRITORIO\JOLI\XIOR\PROJECTS\MULTIPLO\ELECTRONICS\SEN.IRACTIVE10\HARD\ORCAD_V9\20070531\SEN.IRACTIVE10.MAX
Wed May 30 14:23:58 Loaded file C:\Program Files\OrCAD\Layout_Plus\library\BCON100T.llb
Wed May 30 14:23:58 Loaded file C:\Program Files\OrCAD\Layout_Plus\library\BCON156T.llb
Wed May 30 14:23:58 Loaded file C:\Program Files\OrCAD\Layout_Plus\library\BGA.llb
Wed May 30 14:23:58 Loaded file C:\Program Files\OrCAD\Layout_Plus\library\CLCC.llb
Wed May 30 14:23:58 Loaded file C:\Program Files\OrCAD\Layout_Plus\library\DCON050T.llb
Wed May 30 14:23:58 Loaded file C:\Program Files\OrCAD\Layout_Plus\library\DCON085T.llb
Wed May 30 14:23:58 Loaded file C:\Program Files\OrCAD\Layout_Plus\library\DIMM050F.llb
Wed May 30 14:23:58 Loaded file C:\Program Files\OrCAD\Layout_Plus\library\DIMM050T.llb
Wed May 30 14:23:58 Loaded file C:\Program Files\OrCAD\Layout_Plus\library\DIN.llb
Wed May 30 14:23:58 Loaded file C:\Program Files\OrCAD\Layout_Plus\library\DIP100B.llb
Wed May 30 14:23:58 Loaded file C:\Program Files\OrCAD\Layout_Plus\library\DIP100T.llb
Wed May 30 14:23:58 Loaded file C:\Program Files\OrCAD\Layout_Plus\library\DSUBT.llb
Wed May 30 14:23:58 Loaded file C:\Program Files\OrCAD\Layout_Plus\library\DSUBT_HD.LLB
Wed May 30 14:23:58 Loaded file C:\Program Files\OrCAD\Layout_Plus\library\ECON100T.llb
Wed May 30 14:23:58 Loaded file C:\Program Files\OrCAD\Layout_Plus\library\FBUS.llb
Wed May 30 14:23:58 Loaded file C:\Program Files\OrCAD\Layout_Plus\library\ISA.llb
Wed May 30 14:23:58 Loaded file C:\Program Files\OrCAD\Layout_Plus\library\JUMPER.LLB
Wed May 30 14:23:58 Loaded file C:\Program Files\OrCAD\Layout_Plus\library\LAYOUT.llb
Wed May 30 14:24:52 Saved as file C:\DOCUME~1\MAR\ESCRIT~1\JOLI\XIOR\PROJECTS\MULTIPLO\ELECTR~1\SEN~1.IRA\HARD\ORCAD_V9\20070531\SENIRA~1.MAX
Wed May 30 14:29:39 Saved as file C:\DOCUME~1\MAR\ESCRIT~1\JOLI\XIOR\PROJECTS\MULTIPLO\ELECTR~1\SEN~1.IRA\HARD\ORCAD_V9\20070531\SENIRA~1.MAX
